2023-11-22 20:46:42,744 [INFO] Activator:176 - 


2023-11-22 20:46:42,749 [INFO] Activator:177 - !SESSION log4j initialized
2023-11-22 20:46:47,601 [INFO] LogOutputStream:77 - [STDOUT_REDIRECT] 
2023-11-22 20:46:48,098 [INFO] ApplicationProperties:184 - Using Application install path: /opt/st/stm32cubeide_1.13.2/plugins/com.st.stm32cube.common.mx_6.9.2.202309101412
2023-11-22 20:46:48,122 [INFO] DbMcusXml:78 - Set database path to: /opt/st/stm32cubeide_1.13.2/plugins/com.st.stm32cube.common.mx_6.9.2.202309101412//db//mcu/
2023-11-22 20:46:48,122 [INFO] ApiDb:274 - Set plugin database path to: /opt/st/stm32cubeide_1.13.2/plugins/com.st.stm32cube.common.mx_6.9.2.202309101412//db//plugins/boardmanager/
2023-11-22 20:46:48,122 [WARN] ApiDb:259 - Overriding images path with different value:  => /opt/st/stm32cubeide_1.13.2/plugins/com.st.stm32cube.common.mx_6.9.2.202309101412//db//plugins/mcufinder/images/
2023-11-22 20:46:48,135 [INFO] ApiDb:250 - Set database path to: /home/chris/.stmcufinder/plugins/mcufinder//mcu/
2023-11-22 20:46:48,136 [INFO] DbMcusAds:125 - Set database path to: /home/chris/.stmcufinder/plugins/mcufinder//mcu/
2023-11-22 20:46:48,140 [INFO] CrossReferenceDbSqlite:203 - Set database path to: /home/chris/.stmcufinder/plugins/mcufinder//mcu/cs/
2023-11-22 20:46:48,243 [INFO] RulesReader:64 - Compatibility file has been processed (293 Rules)
2023-11-22 20:46:48,309 [INFO] DbMcusXml:78 - Set database path to: /opt/st/stm32cubeide_1.13.2/plugins/com.st.stm32cube.common.mx_6.9.2.202309101412//db//mcu/
2023-11-22 20:46:48,309 [INFO] ApiDb:274 - Set plugin database path to: /opt/st/stm32cubeide_1.13.2/plugins/com.st.stm32cube.common.mx_6.9.2.202309101412//db//plugins/boardmanager/
2023-11-22 20:46:48,310 [INFO] ApiDb:261 - Set plugin images path to: /opt/st/stm32cubeide_1.13.2/plugins/com.st.stm32cube.common.mx_6.9.2.202309101412//db//plugins/mcufinder/images/
2023-11-22 20:46:48,310 [WARN] DbFile:41 - Overriding database path with different value: /home/chris/.stmcufinder/plugins/mcufinder/ => /home/chris/.stmcufinder/plugins/mcufinder
2023-11-22 20:46:48,310 [INFO] ApiDb:250 - Set database path to: /home/chris/.stmcufinder/plugins/mcufinder//mcu/
2023-11-22 20:46:48,310 [WARN] DbFile:41 - Overriding database path with different value: /home/chris/.stmcufinder/plugins/mcufinder/ => /home/chris/.stmcufinder/plugins/mcufinder
2023-11-22 20:46:48,310 [INFO] DbMcusAds:125 - Set database path to: /home/chris/.stmcufinder/plugins/mcufinder//mcu/
2023-11-22 20:46:48,310 [WARN] DbFile:41 - Overriding database path with different value: /home/chris/.stmcufinder/plugins/mcufinder/ => /home/chris/.stmcufinder/plugins/mcufinder
2023-11-22 20:46:48,310 [WARN] DbFile:41 - Overriding database path with different value: /home/chris/.stmcufinder/plugins/mcufinder/ => /home/chris/.stmcufinder/plugins/mcufinder
2023-11-22 20:46:48,310 [INFO] CrossReferenceDbSqlite:203 - Set database path to: /home/chris/.stmcufinder/plugins/mcufinder//mcu/cs/
2023-11-22 20:46:48,387 [INFO] MainPanel:262 - HeapMemory: 268435456
2023-11-22 20:46:48,492 [INFO] DbMcusXml:78 - Set database path to: /opt/st/stm32cubeide_1.13.2/plugins/com.st.stm32cube.common.mx_6.9.2.202309101412//db//mcu/
2023-11-22 20:46:48,492 [INFO] ApiDb:274 - Set plugin database path to: /opt/st/stm32cubeide_1.13.2/plugins/com.st.stm32cube.common.mx_6.9.2.202309101412//db//plugins/boardmanager/
2023-11-22 20:46:48,492 [INFO] ApiDb:261 - Set plugin images path to: /opt/st/stm32cubeide_1.13.2/plugins/com.st.stm32cube.common.mx_6.9.2.202309101412//db//plugins/mcufinder/images/
2023-11-22 20:46:48,493 [WARN] DbFile:41 - Overriding database path with different value: /home/chris/.stmcufinder/plugins/mcufinder/ => /home/chris/.stmcufinder/plugins/mcufinder
2023-11-22 20:46:48,493 [INFO] ApiDb:250 - Set database path to: /home/chris/.stmcufinder/plugins/mcufinder//mcu/
2023-11-22 20:46:48,493 [WARN] DbFile:41 - Overriding database path with different value: /home/chris/.stmcufinder/plugins/mcufinder/ => /home/chris/.stmcufinder/plugins/mcufinder
2023-11-22 20:46:48,493 [INFO] DbMcusAds:125 - Set database path to: /home/chris/.stmcufinder/plugins/mcufinder//mcu/
2023-11-22 20:46:48,494 [WARN] DbFile:41 - Overriding database path with different value: /home/chris/.stmcufinder/plugins/mcufinder/ => /home/chris/.stmcufinder/plugins/mcufinder
2023-11-22 20:46:48,494 [WARN] DbFile:41 - Overriding database path with different value: /home/chris/.stmcufinder/plugins/mcufinder/ => /home/chris/.stmcufinder/plugins/mcufinder
2023-11-22 20:46:48,494 [INFO] CrossReferenceDbSqlite:203 - Set database path to: /home/chris/.stmcufinder/plugins/mcufinder//mcu/cs/
2023-11-22 20:46:48,511 [INFO] ApplicationProperties:184 - Using Application install path: /opt/st/stm32cubeide_1.13.2/plugins/com.st.stm32cube.common.mx_6.9.2.202309101412
2023-11-22 20:46:48,512 [INFO] PluginManage:196 - Search for loadable plugins [exclusion list=, ]
2023-11-22 20:46:48,513 [INFO] PluginManage:310 - Check plugin analytics
2023-11-22 20:46:48,672 [INFO] AnalyticsPlugin:253 - Accepted Software Licenses: 
2023-11-22 20:46:48,672 [INFO] AnalyticsPlugin:255 - Accepted CMSIS Pack Licenses: 
2023-11-22 20:46:48,672 [INFO] AnalyticsPlugin:257 - Accepted Firmware Licenses: FW.F4.1.27.0
2023-11-22 20:46:48,675 [INFO] PluginManage:359 - Loaded plugin analytics (category:tool,tabindex:-1)
2023-11-22 20:46:48,675 [INFO] PluginManage:310 - Check plugin cadmodel
2023-11-22 20:46:48,712 [INFO] CADModel:105 - Init CAD model plugin
2023-11-22 20:46:48,712 [INFO] PluginManage:359 - Loaded plugin cadmodel (category:power,tabindex:5)
2023-11-22 20:46:48,712 [INFO] PluginManage:310 - Check plugin clock
2023-11-22 20:46:48,725 [INFO] PluginManage:359 - Loaded plugin clock (category:base,tabindex:2)
2023-11-22 20:46:48,725 [INFO] PluginManage:310 - Check plugin ddr
2023-11-22 20:46:48,728 [INFO] PluginManage:359 - Loaded plugin ddr (category:tool,tabindex:6)
2023-11-22 20:46:48,728 [INFO] PluginManage:310 - Check plugin filemanager
2023-11-22 20:46:48,864 [INFO] PluginManage:359 - Loaded plugin filemanager (category:base,tabindex:10)
2023-11-22 20:46:48,864 [INFO] PluginManage:310 - Check plugin ipmanager
2023-11-22 20:46:48,870 [INFO] PluginManage:359 - Loaded plugin ipmanager (category:base,tabindex:5)
2023-11-22 20:46:48,870 [INFO] PluginManage:310 - Check plugin lpbam
2023-11-22 20:46:48,880 [INFO] PluginManage:359 - Loaded plugin lpbam (category:base,tabindex:0)
2023-11-22 20:46:48,880 [INFO] PluginManage:310 - Check plugin memorymap
2023-11-22 20:46:48,893 [INFO] PluginManage:359 - Loaded plugin memorymap (category:base,tabindex:4)
2023-11-22 20:46:48,894 [INFO] PluginManage:310 - Check plugin pinoutandconfiguration
2023-11-22 20:46:48,901 [INFO] PluginManage:359 - Loaded plugin pinoutandconfiguration (category:base,tabindex:1)
2023-11-22 20:46:48,902 [INFO] PluginManage:310 - Check plugin pinoutconfig
2023-11-22 20:46:48,981 [WARN] SupportedApi:132 - Cannot load RTOS API schema: s4s-elt-must-match.1: The content of 'definitions' must match (annotation?, (simpleType | complexType)?, (unique | key | keyref)*)). A problem was found starting at: attribute.
2023-11-22 20:46:49,109 [INFO] PluginManage:359 - Loaded plugin pinoutconfig (category:base,tabindex:0)
2023-11-22 20:46:49,109 [INFO] PluginManage:310 - Check plugin power
2023-11-22 20:46:49,122 [INFO] PluginManage:359 - Loaded plugin power (category:power,tabindex:4)
2023-11-22 20:46:49,122 [INFO] PluginManage:310 - Check plugin projectmanager
2023-11-22 20:46:49,136 [INFO] PluginManage:359 - Loaded plugin projectmanager (category:projectmanager,tabindex:3)
2023-11-22 20:46:49,136 [INFO] PluginManage:310 - Check plugin thirdparty
2023-11-22 20:46:49,261 [INFO] PluginManage:359 - Loaded plugin thirdparty (category:base,tabindex:-1)
2023-11-22 20:46:49,261 [INFO] PluginManage:310 - Check plugin tools
2023-11-22 20:46:49,261 [WARN] IntegrityCheckThread:84 - waiting for thirdparty lock release [integrity check]
2023-11-22 20:46:49,262 [INFO] IntegrityCheckThread:86 - entering critical section [integrity check]
2023-11-22 20:46:49,262 [INFO] ThirdPartyUpdaterWithRetryManager:70 - Updater plugin not ready yet. [1/15]
2023-11-22 20:46:49,264 [INFO] PluginManage:359 - Loaded plugin tools (category:base,tabindex:7)
2023-11-22 20:46:49,264 [INFO] PluginManage:310 - Check plugin tutovideos
2023-11-22 20:46:49,430 [INFO] PluginManage:359 - Loaded plugin tutovideos (category:base,tabindex:-1)
2023-11-22 20:46:49,430 [INFO] PluginManage:310 - Check plugin updater
2023-11-22 20:46:49,443 [INFO] PluginManage:359 - Loaded plugin updater (category:base,tabindex:12)
2023-11-22 20:46:49,443 [INFO] PluginManage:310 - Check plugin userauth
2023-11-22 20:46:49,448 [INFO] UserAuth:113 - Init User Auth plugin
2023-11-22 20:46:49,448 [INFO] PluginManage:359 - Loaded plugin userauth (category:base,tabindex:14)
2023-11-22 20:46:49,449 [INFO] PluginManage:283 - PluginManage : Loaded plugins [17]
2023-11-22 20:46:49,626 [INFO] PinOutPanel:1499 - setPackage(No Configuration,No Configuration)
2023-11-22 20:46:49,706 [INFO] CADModel:165 - CPN selected for project level
2023-11-22 20:46:49,706 [INFO] CADModel:114 - Register for checkConnection events
2023-11-22 20:46:49,721 [INFO] IPUIPlugin:80 - create IPUIPlugin
2023-11-22 20:46:49,721 [INFO] PluginManager:220 - loadIPPluginJar : add ipddr
2023-11-22 20:46:49,724 [INFO] IPUIPlugin:80 - create IPUIPlugin
2023-11-22 20:46:49,724 [INFO] PluginManager:220 - loadIPPluginJar : add aes
2023-11-22 20:46:49,729 [INFO] IPUIPlugin:80 - create IPUIPlugin
2023-11-22 20:46:49,730 [INFO] PluginManager:220 - loadIPPluginJar : add gpio
2023-11-22 20:46:49,732 [INFO] IPUIPlugin:80 - create IPUIPlugin
2023-11-22 20:46:49,732 [INFO] PluginManager:220 - loadIPPluginJar : add tim
2023-11-22 20:46:49,735 [INFO] IPUIPlugin:80 - create IPUIPlugin
2023-11-22 20:46:49,736 [INFO] PluginManager:220 - loadIPPluginJar : add touchsensing
2023-11-22 20:46:49,737 [INFO] IPUIPlugin:80 - create IPUIPlugin
2023-11-22 20:46:49,738 [INFO] PluginManager:220 - loadIPPluginJar : add spi
2023-11-22 20:46:49,742 [INFO] IPUIPlugin:80 - create IPUIPlugin
2023-11-22 20:46:49,742 [INFO] PluginManager:220 - loadIPPluginJar : add opamp
2023-11-22 20:46:49,745 [INFO] IPUIPlugin:80 - create IPUIPlugin
2023-11-22 20:46:49,746 [INFO] PluginManager:220 - loadIPPluginJar : add openamp
2023-11-22 20:46:49,748 [INFO] IPUIPlugin:80 - create IPUIPlugin
2023-11-22 20:46:49,748 [INFO] PluginManager:220 - loadIPPluginJar : add pdm2pcm
2023-11-22 20:46:49,751 [INFO] IPUIPlugin:80 - create IPUIPlugin
2023-11-22 20:46:49,751 [INFO] PluginManager:220 - loadIPPluginJar : add cryp
2023-11-22 20:46:49,752 [INFO] IPUIPlugin:80 - create IPUIPlugin
2023-11-22 20:46:49,752 [INFO] PluginManager:220 - loadIPPluginJar : add quadspi
2023-11-22 20:46:49,755 [INFO] IPUIPlugin:80 - create IPUIPlugin
2023-11-22 20:46:49,755 [INFO] PluginManager:220 - loadIPPluginJar : add dfsdm
2023-11-22 20:46:49,761 [INFO] IPUIPlugin:80 - create IPUIPlugin
2023-11-22 20:46:49,762 [INFO] PluginManager:220 - loadIPPluginJar : add mdma
2023-11-22 20:46:49,764 [INFO] IPUIPlugin:80 - create IPUIPlugin
2023-11-22 20:46:49,765 [INFO] PluginManager:220 - loadIPPluginJar : add usart
2023-11-22 20:46:49,768 [INFO] IPUIPlugin:80 - create IPUIPlugin
2023-11-22 20:46:49,768 [INFO] PluginManager:220 - loadIPPluginJar : add i2c
2023-11-22 20:46:49,771 [INFO] IPUIPlugin:80 - create IPUIPlugin
2023-11-22 20:46:49,771 [INFO] PluginManager:220 - loadIPPluginJar : add sai
2023-11-22 20:46:49,773 [INFO] IPUIPlugin:80 - create IPUIPlugin
2023-11-22 20:46:49,773 [INFO] PluginManager:220 - loadIPPluginJar : add tracer_emb
2023-11-22 20:46:49,777 [INFO] IPUIPlugin:80 - create IPUIPlugin
2023-11-22 20:46:49,778 [INFO] PluginManager:220 - loadIPPluginJar : add fmc
2023-11-22 20:46:49,782 [INFO] IPUIPlugin:80 - create IPUIPlugin
2023-11-22 20:46:49,782 [INFO] PluginManager:220 - loadIPPluginJar : add gic
2023-11-22 20:46:49,783 [INFO] IPUIPlugin:80 - create IPUIPlugin
2023-11-22 20:46:49,783 [INFO] PluginManager:220 - loadIPPluginJar : add ltdc
2023-11-22 20:46:49,786 [INFO] IPUIPlugin:80 - create IPUIPlugin
2023-11-22 20:46:49,786 [INFO] PluginManager:220 - loadIPPluginJar : add can
2023-11-22 20:46:49,787 [INFO] IPUIPlugin:80 - create IPUIPlugin
2023-11-22 20:46:49,788 [INFO] PluginManager:220 - loadIPPluginJar : add ucpd
2023-11-22 20:46:49,790 [INFO] IPUIPlugin:80 - create IPUIPlugin
2023-11-22 20:46:49,790 [INFO] PluginManager:220 - loadIPPluginJar : add i3c
2023-11-22 20:46:49,796 [INFO] IPUIPlugin:80 - create IPUIPlugin
2023-11-22 20:46:49,796 [INFO] PluginManager:220 - loadIPPluginJar : add linkedlist
2023-11-22 20:46:49,797 [INFO] IPUIPlugin:80 - create IPUIPlugin
2023-11-22 20:46:49,798 [INFO] PluginManager:220 - loadIPPluginJar : add genericplugin
2023-11-22 20:46:49,803 [INFO] IPUIPlugin:80 - create IPUIPlugin
2023-11-22 20:46:49,804 [INFO] PluginManager:220 - loadIPPluginJar : add freertos
2023-11-22 20:46:49,810 [INFO] IPUIPlugin:80 - create IPUIPlugin
2023-11-22 20:46:49,812 [INFO] PluginManager:220 - loadIPPluginJar : add plateformsettings
2023-11-22 20:46:49,814 [INFO] IPUIPlugin:80 - create IPUIPlugin
2023-11-22 20:46:49,815 [INFO] PluginManager:220 - loadIPPluginJar : add hash
2023-11-22 20:46:49,817 [INFO] IPUIPlugin:80 - create IPUIPlugin
2023-11-22 20:46:49,817 [INFO] PluginManager:220 - loadIPPluginJar : add dma3
2023-11-22 20:46:49,819 [INFO] IPUIPlugin:80 - create IPUIPlugin
2023-11-22 20:46:49,819 [INFO] PluginManager:220 - loadIPPluginJar : add usbx
2023-11-22 20:46:49,821 [INFO] IPUIPlugin:80 - create IPUIPlugin
2023-11-22 20:46:49,821 [INFO] PluginManager:220 - loadIPPluginJar : add ts
2023-11-22 20:46:49,822 [INFO] IPUIPlugin:80 - create IPUIPlugin
2023-11-22 20:46:49,822 [INFO] PluginManager:220 - loadIPPluginJar : add comp
2023-11-22 20:46:49,824 [INFO] IPUIPlugin:80 - create IPUIPlugin
2023-11-22 20:46:49,824 [INFO] PluginManager:220 - loadIPPluginJar : add gtzc
2023-11-22 20:46:49,826 [INFO] IPUIPlugin:80 - create IPUIPlugin
2023-11-22 20:46:49,826 [INFO] PluginManager:220 - loadIPPluginJar : add lorawan
2023-11-22 20:46:49,829 [INFO] IPUIPlugin:80 - create IPUIPlugin
2023-11-22 20:46:49,829 [INFO] PluginManager:220 - loadIPPluginJar : add resmgrutility
2023-11-22 20:46:49,835 [INFO] IPUIPlugin:80 - create IPUIPlugin
2023-11-22 20:46:49,835 [INFO] PluginManager:220 - loadIPPluginJar : add dma
2023-11-22 20:46:49,837 [INFO] IPUIPlugin:80 - create IPUIPlugin
2023-11-22 20:46:49,837 [INFO] PluginManager:220 - loadIPPluginJar : add i2s
2023-11-22 20:46:49,839 [INFO] IPUIPlugin:80 - create IPUIPlugin
2023-11-22 20:46:49,839 [INFO] PluginManager:220 - loadIPPluginJar : add tsc
2023-11-22 20:46:49,841 [INFO] IPUIPlugin:80 - create IPUIPlugin
2023-11-22 20:46:49,841 [INFO] PluginManager:220 - loadIPPluginJar : add gfxmmu
2023-11-22 20:46:49,845 [INFO] IPUIPlugin:80 - create IPUIPlugin
2023-11-22 20:46:49,846 [INFO] PluginManager:220 - loadIPPluginJar : add stm32_wpan
2023-11-22 20:46:49,847 [INFO] IPUIPlugin:80 - create IPUIPlugin
2023-11-22 20:46:49,847 [INFO] PluginManager:220 - loadIPPluginJar : add fatfs
2023-11-22 20:46:49,852 [INFO] IPUIPlugin:80 - create IPUIPlugin
2023-11-22 20:46:49,852 [INFO] PluginManager:220 - loadIPPluginJar : add adc
2023-11-22 20:46:49,855 [INFO] IPUIPlugin:80 - create IPUIPlugin
2023-11-22 20:46:49,855 [INFO] PluginManager:220 - loadIPPluginJar : add nvic
2023-11-22 20:46:49,953 [INFO] CADModel:165 - CPN selected for project level
2023-11-22 20:46:49,953 [INFO] CADModel:114 - Register for checkConnection events
2023-11-22 20:46:49,954 [FATAL] Updater:308 - Updater called before beeing initialized
2023-11-22 20:46:49,954 [ERROR] CADModel:125 - Updater not yet initialized, retry later 
2023-11-22 20:46:50,077 [INFO] CADModel:165 - CPN selected for project level
2023-11-22 20:46:50,077 [INFO] CADModel:114 - Register for checkConnection events
2023-11-22 20:46:50,078 [FATAL] Updater:308 - Updater called before beeing initialized
2023-11-22 20:46:50,078 [ERROR] CADModel:125 - Updater not yet initialized, retry later 
2023-11-22 20:46:50,080 [FATAL] Updater:308 - Updater called before beeing initialized
2023-11-22 20:46:50,157 [FATAL] Updater:308 - Updater called before beeing initialized
2023-11-22 20:46:50,162 [INFO] DbMcusAds:53 - JSON generation date=Tue Mar 07 04:50:55 AST 2023 (1678179055114)
2023-11-22 20:46:50,163 [FATAL] Updater:308 - Updater called before beeing initialized
2023-11-22 20:46:50,200 [WARN] DetailPanel:346 - Failed to get advertising image, set to default
2023-11-22 20:46:50,312 [FATAL] Updater:308 - Updater called before beeing initialized
2023-11-22 20:46:50,314 [FATAL] Updater:308 - Updater called before beeing initialized
2023-11-22 20:46:50,314 [FATAL] Updater:308 - Updater called before beeing initialized
2023-11-22 20:46:50,314 [WARN] DetailPanel:346 - Failed to get advertising image, set to default
2023-11-22 20:46:50,315 [FATAL] Updater:308 - Updater called before beeing initialized
2023-11-22 20:46:50,345 [ERROR] Updater:1120 - MainUpdater not yet initialized. External WinMGr cannot be set.
2023-11-22 20:46:50,347 [INFO] Updater:1056 - Updater Version found : 6.9.2
2023-11-22 20:46:50,367 [INFO] ApplicationProperties:184 - Using Application install path: /opt/st/stm32cubeide_1.13.2/plugins/com.st.stm32cube.common.mx_6.9.2.202309101412
2023-11-22 20:46:50,600 [INFO] MainUpdater:2868 - connection check result : 10
2023-11-22 20:46:50,601 [INFO] MainUpdater:285 - Updater Check For Update Now.
2023-11-22 20:46:50,601 [INFO] MicroXplorer:498 - Change Database Version : DB.6.0.92
2023-11-22 20:46:50,611 [INFO] McuFinderGlobals:63 - Set McuFinder mode to 2 (CubeIDE integrated)
2023-11-22 20:46:50,779 [INFO] CheckServerUpdateThread:120 - End of CheckServer Thread
2023-11-22 20:46:52,407 [WARN] PackLoader:240 - Cannot read IP mode file for STMicroelectronics.X-CUBE-SMBUS.2.1.0
2023-11-22 20:46:52,441 [WARN] PackLoader:240 - Cannot read IP mode file for STMicroelectronics.X-CUBE-AZRTOS-F7.1.1.0
2023-11-22 20:46:52,453 [WARN] PackLoader:240 - Cannot read IP mode file for STMicroelectronics.FP-SNS-MOTENV1.4.3.2
2023-11-22 20:46:52,461 [WARN] PackLoader:240 - Cannot read IP mode file for STMicroelectronics.FP-SNS-FLIGHT1.5.0.2
2023-11-22 20:46:52,469 [WARN] PackLoader:240 - Cannot read IP mode file for STMicroelectronics.X-CUBE-DISPLAY.3.0.0
2023-11-22 20:46:52,482 [WARN] PackLoader:240 - Cannot read IP mode file for STMicroelectronics.X-CUBE-BLE1.7.0.0
2023-11-22 20:46:52,486 [WARN] PackLoader:240 - Cannot read IP mode file for emotas.I-CUBE-CANOPEN.1.3.0
2023-11-22 20:46:52,490 [WARN] PackLoader:240 - Cannot read IP mode file for STMicroelectronics.X-CUBE-TOUCHGFX.4.22.0
2023-11-22 20:46:52,493 [WARN] PackLoader:240 - Cannot read IP mode file for STMicroelectronics.X-CUBE-TOUCHGFX.4.22.1
2023-11-22 20:46:52,496 [WARN] PackLoader:240 - Cannot read IP mode file for STMicroelectronics.FP-SNS-SMARTAG2.1.2.0
2023-11-22 20:46:52,505 [INFO] LogOutputStream:77 - [STDOUT_REDIRECT] 1 : Invalid condition id : UX_CORESTACK_Condition cause : null
2023-11-22 20:46:52,506 [INFO] LogOutputStream:77 - [STDOUT_REDIRECT] 1 : Invalid condition id : UX_CORESTACK_Condition cause : null
2023-11-22 20:46:52,506 [INFO] LogOutputStream:77 - [STDOUT_REDIRECT] 1 : Invalid condition id : UX_CORESTACK_Condition cause : null
2023-11-22 20:46:52,506 [INFO] LogOutputStream:77 - [STDOUT_REDIRECT] 1 : Invalid condition id : UX_CORESTACK_Condition cause : null
2023-11-22 20:46:52,507 [INFO] LogOutputStream:77 - [STDOUT_REDIRECT] 1 : Invalid condition id : UX_CORESTACK_Condition cause : null
2023-11-22 20:46:52,510 [WARN] PackLoader:240 - Cannot read IP mode file for STMicroelectronics.X-CUBE-AZRTOS-WL.2.0.0
2023-11-22 20:46:52,518 [WARN] PackLoader:240 - Cannot read IP mode file for WES.I-CUBE-Cesium.1.3.0
2023-11-22 20:46:52,522 [WARN] PackLoader:240 - Cannot read IP mode file for STMicroelectronics.X-CUBE-BLE2.3.3.0
2023-11-22 20:46:52,528 [WARN] PackLoader:240 - Cannot read IP mode file for STMicroelectronics.X-CUBE-ALGOBUILD.1.3.0
2023-11-22 20:46:52,543 [WARN] PackLoader:240 - Cannot read IP mode file for STMicroelectronics.X-CUBE-AZRTOS-G0.1.1.0
2023-11-22 20:46:52,550 [WARN] PackLoader:240 - Cannot read IP mode file for STMicroelectronics.X-CUBE-NFC4.3.0.0
2023-11-22 20:46:52,561 [WARN] PackLoader:240 - Cannot read IP mode file for STMicroelectronics.X-CUBE-BLEMGR.3.0.0
2023-11-22 20:46:52,567 [WARN] PackLoader:240 - Cannot read IP mode file for STMicroelectronics.FP-ATR-SIGFOX1.3.2.0
2023-11-22 20:46:52,599 [WARN] PackLoader:240 - Cannot read IP mode file for SEGGER.I-CUBE-embOS.1.3.1
2023-11-22 20:46:52,679 [WARN] PackLoader:240 - Cannot read IP mode file for STMicroelectronics.X-CUBE-GNSS1.6.0.0
2023-11-22 20:46:52,699 [WARN] PackLoader:240 - Cannot read IP mode file for STMicroelectronics.X-CUBE-AZRTOS-F4.1.1.0
2023-11-22 20:46:52,706 [WARN] PackLoader:240 - Cannot read IP mode file for wolfSSL.I-CUBE-wolfSSL.5.6.3
2023-11-22 20:46:52,719 [WARN] PackLoader:240 - Cannot read IP mode file for STMicroelectronics.X-CUBE-AZRTOS-L5.2.0.0
2023-11-22 20:46:52,762 [WARN] PackLoader:240 - Cannot read IP mode file for STMicroelectronics.X-CUBE-MEMS1.9.6.0
2023-11-22 20:46:53,055 [WARN] PackLoader:240 - Cannot read IP mode file for STMicroelectronics.X-CUBE-EEPRMA1.4.2.0
2023-11-22 20:46:53,061 [WARN] PackLoader:240 - Cannot read IP mode file for ITTIA_DB.I-CUBE-ITTIADB.8.8.0
2023-11-22 20:46:53,071 [WARN] PackLoader:240 - Cannot read IP mode file for STMicroelectronics.X-CUBE-BLEMGR.2.0.0
2023-11-22 20:46:53,100 [WARN] ConditionMgr:438 - getConditionDescription Invalid condition id : UX DEVICE CLASS RTOS Condition cause : null
2023-11-22 20:46:53,101 [WARN] ConditionMgr:438 - getConditionDescription Invalid condition id : UX DEVICE CLASS RTOS Condition cause : null
2023-11-22 20:46:53,105 [WARN] PackLoader:240 - Cannot read IP mode file for STMicroelectronics.X-CUBE-AZRTOS-H7.3.1.0
2023-11-22 20:46:53,107 [WARN] ConditionMgr:1039 - genDependencies : Invalid condition id : UX DEVICE CLASS RTOS Condition cause : null
2023-11-22 20:46:53,107 [WARN] ConditionMgr:1039 - genDependencies : Invalid condition id : UX DEVICE CLASS RTOS Condition cause : null
2023-11-22 20:46:53,108 [WARN] ConditionMgr:1039 - genDependencies : Invalid condition id : UX DEVICE CLASS RTOS Condition cause : null
2023-11-22 20:46:53,109 [WARN] ConditionMgr:1039 - genDependencies : Invalid condition id : UX DEVICE CLASS RTOS Condition cause : null
2023-11-22 20:46:53,109 [WARN] ConditionMgr:1039 - genDependencies : Invalid condition id : UX DEVICE CLASS RTOS Condition cause : null
2023-11-22 20:46:53,118 [WARN] PackLoader:240 - Cannot read IP mode file for STMicroelectronics.X-CUBE-NFC7.1.0.1
2023-11-22 20:46:53,129 [WARN] PackLoader:240 - Cannot read IP mode file for STMicroelectronics.X-CUBE-NFC6.3.0.0
2023-11-22 20:46:53,139 [WARN] PackLoader:240 - Cannot read IP mode file for STMicroelectronics.X-CUBE-EEPRMA1.4.1.0
2023-11-22 20:46:53,144 [WARN] PackLoader:240 - Cannot read IP mode file for STMicroelectronics.X-CUBE-AI.8.1.0
2023-11-22 20:46:53,167 [WARN] ConditionMgr:438 - getConditionDescription Invalid condition id : LAN8742 Phy interface Condition cause : null
2023-11-22 20:46:53,168 [WARN] PackLoader:240 - Cannot read IP mode file for STMicroelectronics.X-CUBE-AZRTOS-L4.2.0.0
2023-11-22 20:46:53,170 [WARN] ConditionMgr:1039 - genDependencies : Invalid condition id : LAN8742 Phy interface Condition cause : null
2023-11-22 20:46:53,170 [WARN] ConditionMgr:1039 - genDependencies : Invalid condition id : LAN8742 Phy interface Condition cause : null
2023-11-22 20:46:53,171 [WARN] ConditionMgr:1039 - genDependencies : Invalid condition id : LAN8742 Phy interface Condition cause : null
2023-11-22 20:46:53,181 [WARN] PackLoader:240 - Cannot read IP mode file for STMicroelectronics.X-CUBE-SFXS2LP1.4.0.0
2023-11-22 20:46:53,188 [WARN] PackLoader:240 - Cannot read IP mode file for STMicroelectronics.X-CUBE-ISPU.1.1.0
2023-11-22 20:46:53,205 [WARN] ConditionMgr:438 - getConditionDescription Invalid condition id : UX DEVICE CLASS RTOS Condition cause : null
2023-11-22 20:46:53,205 [WARN] ConditionMgr:438 - getConditionDescription Invalid condition id : UX DEVICE CLASS RTOS Condition cause : null
2023-11-22 20:46:53,209 [WARN] PackLoader:240 - Cannot read IP mode file for STMicroelectronics.X-CUBE-AZRTOS-WB.2.0.0
2023-11-22 20:46:53,210 [WARN] ConditionMgr:1039 - genDependencies : Invalid condition id : UX DEVICE CLASS RTOS Condition cause : null
2023-11-22 20:46:53,210 [WARN] ConditionMgr:1039 - genDependencies : Invalid condition id : UX DEVICE CLASS RTOS Condition cause : null
2023-11-22 20:46:53,211 [WARN] ConditionMgr:1039 - genDependencies : Invalid condition id : UX DEVICE CLASS RTOS Condition cause : null
2023-11-22 20:46:53,211 [WARN] ConditionMgr:1039 - genDependencies : Invalid condition id : UX DEVICE CLASS RTOS Condition cause : null
2023-11-22 20:46:53,212 [WARN] ConditionMgr:1039 - genDependencies : Invalid condition id : UX DEVICE CLASS RTOS Condition cause : null
2023-11-22 20:46:53,226 [WARN] PackLoader:240 - Cannot read IP mode file for STMicroelectronics.X-CUBE-SUBG2.5.0.0
2023-11-22 20:46:53,248 [WARN] PackLoader:240 - Cannot read IP mode file for STMicroelectronics.X-CUBE-TOF1.3.3.1
2023-11-22 20:46:53,278 [WARN] PackLoader:240 - Cannot read IP mode file for STMicroelectronics.X-CUBE-AZRTOS-G4.2.0.0
2023-11-22 20:46:53,295 [WARN] PackLoader:240 - Cannot read IP mode file for Infineon.AIROC-Wi-Fi-Bluetooth-STM32.1.5.1
2023-11-22 20:46:53,304 [WARN] PackLoader:240 - Cannot read IP mode file for STMicroelectronics.FP-SNS-MOTENVWB1.1.3.0
2023-11-22 20:46:53,359 [WARN] PackLoader:240 - Cannot read IP mode file for STMicroelectronics.X-CUBE-MEMS1.10.0.0
2023-11-22 20:46:53,556 [WARN] PackLoader:240 - Cannot read IP mode file for STMicroelectronics.X-CUBE-FREERTOS.1.1.0
2023-11-22 20:46:53,564 [WARN] PackLoader:240 - Cannot read IP mode file for portGmbH.I-Cube-SoM-uGOAL.1.1.0
2023-11-22 20:46:53,569 [WARN] PackLoader:240 - Cannot read IP mode file for STMicroelectronics.X-CUBE-ALS.1.0.1
2023-11-22 20:46:53,573 [WARN] PackLoader:240 - Cannot read IP mode file for STMicroelectronics.FP-ATR-ASTRA1.2.0.0
2023-11-22 20:46:53,589 [WARN] PackLoader:240 - Cannot read IP mode file for STMicroelectronics.X-CUBE-TOF1.3.4.0
2023-11-22 20:46:53,606 [INFO] ThirdParty:978 - Integrity check success = true
2023-11-22 20:46:53,607 [INFO] IntegrityCheckThread:100 - exiting critical section [integrity check]
2023-11-22 20:46:53,607 [INFO] IntegrityCheckThread:103 - End integrity checks thread
2023-11-22 20:47:11,201 [ERROR] LogOutputStream:75 - [STDERR_REDIRECT] SLF4J: Failed to load class "org.slf4j.impl.StaticLoggerBinder".
2023-11-22 20:47:11,201 [ERROR] LogOutputStream:75 - [STDERR_REDIRECT] SLF4J: Defaulting to no-operation (NOP) logger implementation
2023-11-22 20:47:11,201 [ERROR] LogOutputStream:75 - [STDERR_REDIRECT] SLF4J: See http://www.slf4j.org/codes.html#StaticLoggerBinder for further details.
