2023-11-21 12:06:58,743 [INFO] Activator:176 - 


2023-11-21 12:06:58,745 [INFO] Activator:177 - !SESSION log4j initialized
2023-11-21 12:07:00,384 [INFO] LogOutputStream:77 - [STDOUT_REDIRECT] 
2023-11-21 12:07:02,093 [INFO] ApplicationProperties:184 - Using Application install path: /opt/st/stm32cubeide_1.13.2/plugins/com.st.stm32cube.common.mx_6.9.2.202309101412
2023-11-21 12:07:02,114 [INFO] DbMcusXml:78 - Set database path to: /opt/st/stm32cubeide_1.13.2/plugins/com.st.stm32cube.common.mx_6.9.2.202309101412//db//mcu/
2023-11-21 12:07:02,115 [INFO] ApiDb:274 - Set plugin database path to: /opt/st/stm32cubeide_1.13.2/plugins/com.st.stm32cube.common.mx_6.9.2.202309101412//db//plugins/boardmanager/
2023-11-21 12:07:02,115 [WARN] ApiDb:259 - Overriding images path with different value:  => /opt/st/stm32cubeide_1.13.2/plugins/com.st.stm32cube.common.mx_6.9.2.202309101412//db//plugins/mcufinder/images/
2023-11-21 12:07:02,129 [INFO] ApiDb:250 - Set database path to: /home/chris/.stmcufinder/plugins/mcufinder//mcu/
2023-11-21 12:07:02,130 [INFO] DbMcusAds:125 - Set database path to: /home/chris/.stmcufinder/plugins/mcufinder//mcu/
2023-11-21 12:07:02,134 [INFO] CrossReferenceDbSqlite:203 - Set database path to: /home/chris/.stmcufinder/plugins/mcufinder//mcu/cs/
2023-11-21 12:07:02,246 [INFO] RulesReader:64 - Compatibility file has been processed (293 Rules)
2023-11-21 12:07:02,318 [INFO] DbMcusXml:78 - Set database path to: /opt/st/stm32cubeide_1.13.2/plugins/com.st.stm32cube.common.mx_6.9.2.202309101412//db//mcu/
2023-11-21 12:07:02,319 [INFO] ApiDb:274 - Set plugin database path to: /opt/st/stm32cubeide_1.13.2/plugins/com.st.stm32cube.common.mx_6.9.2.202309101412//db//plugins/boardmanager/
2023-11-21 12:07:02,319 [INFO] ApiDb:261 - Set plugin images path to: /opt/st/stm32cubeide_1.13.2/plugins/com.st.stm32cube.common.mx_6.9.2.202309101412//db//plugins/mcufinder/images/
2023-11-21 12:07:02,319 [WARN] DbFile:41 - Overriding database path with different value: /home/chris/.stmcufinder/plugins/mcufinder/ => /home/chris/.stmcufinder/plugins/mcufinder
2023-11-21 12:07:02,319 [INFO] ApiDb:250 - Set database path to: /home/chris/.stmcufinder/plugins/mcufinder//mcu/
2023-11-21 12:07:02,319 [WARN] DbFile:41 - Overriding database path with different value: /home/chris/.stmcufinder/plugins/mcufinder/ => /home/chris/.stmcufinder/plugins/mcufinder
2023-11-21 12:07:02,320 [INFO] DbMcusAds:125 - Set database path to: /home/chris/.stmcufinder/plugins/mcufinder//mcu/
2023-11-21 12:07:02,320 [WARN] DbFile:41 - Overriding database path with different value: /home/chris/.stmcufinder/plugins/mcufinder/ => /home/chris/.stmcufinder/plugins/mcufinder
2023-11-21 12:07:02,320 [WARN] DbFile:41 - Overriding database path with different value: /home/chris/.stmcufinder/plugins/mcufinder/ => /home/chris/.stmcufinder/plugins/mcufinder
2023-11-21 12:07:02,320 [INFO] CrossReferenceDbSqlite:203 - Set database path to: /home/chris/.stmcufinder/plugins/mcufinder//mcu/cs/
2023-11-21 12:07:02,394 [INFO] MainPanel:262 - HeapMemory: 268435456
2023-11-21 12:07:02,495 [INFO] DbMcusXml:78 - Set database path to: /opt/st/stm32cubeide_1.13.2/plugins/com.st.stm32cube.common.mx_6.9.2.202309101412//db//mcu/
2023-11-21 12:07:02,495 [INFO] ApiDb:274 - Set plugin database path to: /opt/st/stm32cubeide_1.13.2/plugins/com.st.stm32cube.common.mx_6.9.2.202309101412//db//plugins/boardmanager/
2023-11-21 12:07:02,495 [INFO] ApiDb:261 - Set plugin images path to: /opt/st/stm32cubeide_1.13.2/plugins/com.st.stm32cube.common.mx_6.9.2.202309101412//db//plugins/mcufinder/images/
2023-11-21 12:07:02,496 [WARN] DbFile:41 - Overriding database path with different value: /home/chris/.stmcufinder/plugins/mcufinder/ => /home/chris/.stmcufinder/plugins/mcufinder
2023-11-21 12:07:02,496 [INFO] ApiDb:250 - Set database path to: /home/chris/.stmcufinder/plugins/mcufinder//mcu/
2023-11-21 12:07:02,496 [WARN] DbFile:41 - Overriding database path with different value: /home/chris/.stmcufinder/plugins/mcufinder/ => /home/chris/.stmcufinder/plugins/mcufinder
2023-11-21 12:07:02,496 [INFO] DbMcusAds:125 - Set database path to: /home/chris/.stmcufinder/plugins/mcufinder//mcu/
2023-11-21 12:07:02,496 [WARN] DbFile:41 - Overriding database path with different value: /home/chris/.stmcufinder/plugins/mcufinder/ => /home/chris/.stmcufinder/plugins/mcufinder
2023-11-21 12:07:02,496 [WARN] DbFile:41 - Overriding database path with different value: /home/chris/.stmcufinder/plugins/mcufinder/ => /home/chris/.stmcufinder/plugins/mcufinder
2023-11-21 12:07:02,496 [INFO] CrossReferenceDbSqlite:203 - Set database path to: /home/chris/.stmcufinder/plugins/mcufinder//mcu/cs/
2023-11-21 12:07:02,513 [INFO] ApplicationProperties:184 - Using Application install path: /opt/st/stm32cubeide_1.13.2/plugins/com.st.stm32cube.common.mx_6.9.2.202309101412
2023-11-21 12:07:02,515 [INFO] PluginManage:196 - Search for loadable plugins [exclusion list=, ]
2023-11-21 12:07:02,516 [INFO] PluginManage:310 - Check plugin analytics
2023-11-21 12:07:02,656 [INFO] AnalyticsPlugin:253 - Accepted Software Licenses: 
2023-11-21 12:07:02,657 [INFO] AnalyticsPlugin:255 - Accepted CMSIS Pack Licenses: 
2023-11-21 12:07:02,657 [INFO] AnalyticsPlugin:257 - Accepted Firmware Licenses: FW.F4.1.27.0
2023-11-21 12:07:02,658 [INFO] PluginManage:359 - Loaded plugin analytics (category:tool,tabindex:-1)
2023-11-21 12:07:02,659 [INFO] PluginManage:310 - Check plugin cadmodel
2023-11-21 12:07:02,737 [INFO] CADModel:105 - Init CAD model plugin
2023-11-21 12:07:02,738 [INFO] PluginManage:359 - Loaded plugin cadmodel (category:power,tabindex:5)
2023-11-21 12:07:02,738 [INFO] PluginManage:310 - Check plugin clock
2023-11-21 12:07:02,749 [INFO] PluginManage:359 - Loaded plugin clock (category:base,tabindex:2)
2023-11-21 12:07:02,749 [INFO] PluginManage:310 - Check plugin ddr
2023-11-21 12:07:02,752 [INFO] PluginManage:359 - Loaded plugin ddr (category:tool,tabindex:6)
2023-11-21 12:07:02,752 [INFO] PluginManage:310 - Check plugin filemanager
2023-11-21 12:07:02,875 [INFO] PluginManage:359 - Loaded plugin filemanager (category:base,tabindex:10)
2023-11-21 12:07:02,875 [INFO] PluginManage:310 - Check plugin ipmanager
2023-11-21 12:07:02,882 [INFO] PluginManage:359 - Loaded plugin ipmanager (category:base,tabindex:5)
2023-11-21 12:07:02,882 [INFO] PluginManage:310 - Check plugin lpbam
2023-11-21 12:07:02,892 [INFO] PluginManage:359 - Loaded plugin lpbam (category:base,tabindex:0)
2023-11-21 12:07:02,892 [INFO] PluginManage:310 - Check plugin memorymap
2023-11-21 12:07:02,904 [INFO] PluginManage:359 - Loaded plugin memorymap (category:base,tabindex:4)
2023-11-21 12:07:02,904 [INFO] PluginManage:310 - Check plugin pinoutandconfiguration
2023-11-21 12:07:02,912 [INFO] PluginManage:359 - Loaded plugin pinoutandconfiguration (category:base,tabindex:1)
2023-11-21 12:07:02,912 [INFO] PluginManage:310 - Check plugin pinoutconfig
2023-11-21 12:07:03,004 [WARN] SupportedApi:132 - Cannot load RTOS API schema: s4s-elt-must-match.1: The content of 'definitions' must match (annotation?, (simpleType | complexType)?, (unique | key | keyref)*)). A problem was found starting at: attribute.
2023-11-21 12:07:03,134 [INFO] PluginManage:359 - Loaded plugin pinoutconfig (category:base,tabindex:0)
2023-11-21 12:07:03,134 [INFO] PluginManage:310 - Check plugin power
2023-11-21 12:07:03,146 [INFO] PluginManage:359 - Loaded plugin power (category:power,tabindex:4)
2023-11-21 12:07:03,146 [INFO] PluginManage:310 - Check plugin projectmanager
2023-11-21 12:07:03,159 [INFO] PluginManage:359 - Loaded plugin projectmanager (category:projectmanager,tabindex:3)
2023-11-21 12:07:03,159 [INFO] PluginManage:310 - Check plugin thirdparty
2023-11-21 12:07:03,283 [INFO] PluginManage:359 - Loaded plugin thirdparty (category:base,tabindex:-1)
2023-11-21 12:07:03,283 [INFO] PluginManage:310 - Check plugin tools
2023-11-21 12:07:03,283 [WARN] IntegrityCheckThread:84 - waiting for thirdparty lock release [integrity check]
2023-11-21 12:07:03,283 [INFO] IntegrityCheckThread:86 - entering critical section [integrity check]
2023-11-21 12:07:03,284 [INFO] ThirdPartyUpdaterWithRetryManager:70 - Updater plugin not ready yet. [1/15]
2023-11-21 12:07:03,285 [INFO] PluginManage:359 - Loaded plugin tools (category:base,tabindex:7)
2023-11-21 12:07:03,285 [INFO] PluginManage:310 - Check plugin tutovideos
2023-11-21 12:07:03,443 [INFO] PluginManage:359 - Loaded plugin tutovideos (category:base,tabindex:-1)
2023-11-21 12:07:03,443 [INFO] PluginManage:310 - Check plugin updater
2023-11-21 12:07:03,455 [INFO] PluginManage:359 - Loaded plugin updater (category:base,tabindex:12)
2023-11-21 12:07:03,456 [INFO] PluginManage:310 - Check plugin userauth
2023-11-21 12:07:03,460 [INFO] UserAuth:113 - Init User Auth plugin
2023-11-21 12:07:03,461 [INFO] PluginManage:359 - Loaded plugin userauth (category:base,tabindex:14)
2023-11-21 12:07:03,461 [INFO] PluginManage:283 - PluginManage : Loaded plugins [17]
2023-11-21 12:07:03,657 [INFO] PinOutPanel:1499 - setPackage(No Configuration,No Configuration)
2023-11-21 12:07:03,752 [INFO] CADModel:165 - CPN selected for project level
2023-11-21 12:07:03,752 [INFO] CADModel:114 - Register for checkConnection events
2023-11-21 12:07:03,768 [INFO] IPUIPlugin:80 - create IPUIPlugin
2023-11-21 12:07:03,768 [INFO] PluginManager:220 - loadIPPluginJar : add ipddr
2023-11-21 12:07:03,771 [INFO] IPUIPlugin:80 - create IPUIPlugin
2023-11-21 12:07:03,771 [INFO] PluginManager:220 - loadIPPluginJar : add aes
2023-11-21 12:07:03,776 [INFO] IPUIPlugin:80 - create IPUIPlugin
2023-11-21 12:07:03,777 [INFO] PluginManager:220 - loadIPPluginJar : add gpio
2023-11-21 12:07:03,778 [INFO] IPUIPlugin:80 - create IPUIPlugin
2023-11-21 12:07:03,778 [INFO] PluginManager:220 - loadIPPluginJar : add tim
2023-11-21 12:07:03,781 [INFO] IPUIPlugin:80 - create IPUIPlugin
2023-11-21 12:07:03,781 [INFO] PluginManager:220 - loadIPPluginJar : add touchsensing
2023-11-21 12:07:03,783 [INFO] IPUIPlugin:80 - create IPUIPlugin
2023-11-21 12:07:03,783 [INFO] PluginManager:220 - loadIPPluginJar : add spi
2023-11-21 12:07:03,787 [INFO] IPUIPlugin:80 - create IPUIPlugin
2023-11-21 12:07:03,787 [INFO] PluginManager:220 - loadIPPluginJar : add opamp
2023-11-21 12:07:03,790 [INFO] IPUIPlugin:80 - create IPUIPlugin
2023-11-21 12:07:03,791 [INFO] PluginManager:220 - loadIPPluginJar : add openamp
2023-11-21 12:07:03,793 [INFO] IPUIPlugin:80 - create IPUIPlugin
2023-11-21 12:07:03,794 [INFO] PluginManager:220 - loadIPPluginJar : add pdm2pcm
2023-11-21 12:07:03,796 [INFO] IPUIPlugin:80 - create IPUIPlugin
2023-11-21 12:07:03,796 [INFO] PluginManager:220 - loadIPPluginJar : add cryp
2023-11-21 12:07:03,797 [INFO] IPUIPlugin:80 - create IPUIPlugin
2023-11-21 12:07:03,797 [INFO] PluginManager:220 - loadIPPluginJar : add quadspi
2023-11-21 12:07:03,800 [INFO] IPUIPlugin:80 - create IPUIPlugin
2023-11-21 12:07:03,800 [INFO] PluginManager:220 - loadIPPluginJar : add dfsdm
2023-11-21 12:07:03,805 [INFO] IPUIPlugin:80 - create IPUIPlugin
2023-11-21 12:07:03,805 [INFO] PluginManager:220 - loadIPPluginJar : add mdma
2023-11-21 12:07:03,808 [INFO] IPUIPlugin:80 - create IPUIPlugin
2023-11-21 12:07:03,808 [INFO] PluginManager:220 - loadIPPluginJar : add usart
2023-11-21 12:07:03,810 [INFO] IPUIPlugin:80 - create IPUIPlugin
2023-11-21 12:07:03,810 [INFO] PluginManager:220 - loadIPPluginJar : add i2c
2023-11-21 12:07:03,813 [INFO] IPUIPlugin:80 - create IPUIPlugin
2023-11-21 12:07:03,813 [INFO] PluginManager:220 - loadIPPluginJar : add sai
2023-11-21 12:07:03,815 [INFO] IPUIPlugin:80 - create IPUIPlugin
2023-11-21 12:07:03,815 [INFO] PluginManager:220 - loadIPPluginJar : add tracer_emb
2023-11-21 12:07:03,818 [INFO] IPUIPlugin:80 - create IPUIPlugin
2023-11-21 12:07:03,818 [INFO] PluginManager:220 - loadIPPluginJar : add fmc
2023-11-21 12:07:03,823 [INFO] IPUIPlugin:80 - create IPUIPlugin
2023-11-21 12:07:03,823 [INFO] PluginManager:220 - loadIPPluginJar : add gic
2023-11-21 12:07:03,824 [INFO] IPUIPlugin:80 - create IPUIPlugin
2023-11-21 12:07:03,824 [INFO] PluginManager:220 - loadIPPluginJar : add ltdc
2023-11-21 12:07:03,826 [INFO] IPUIPlugin:80 - create IPUIPlugin
2023-11-21 12:07:03,826 [INFO] PluginManager:220 - loadIPPluginJar : add can
2023-11-21 12:07:03,828 [INFO] IPUIPlugin:80 - create IPUIPlugin
2023-11-21 12:07:03,828 [INFO] PluginManager:220 - loadIPPluginJar : add ucpd
2023-11-21 12:07:03,830 [INFO] IPUIPlugin:80 - create IPUIPlugin
2023-11-21 12:07:03,831 [INFO] PluginManager:220 - loadIPPluginJar : add i3c
2023-11-21 12:07:03,837 [INFO] IPUIPlugin:80 - create IPUIPlugin
2023-11-21 12:07:03,837 [INFO] PluginManager:220 - loadIPPluginJar : add linkedlist
2023-11-21 12:07:03,838 [INFO] IPUIPlugin:80 - create IPUIPlugin
2023-11-21 12:07:03,838 [INFO] PluginManager:220 - loadIPPluginJar : add genericplugin
2023-11-21 12:07:03,844 [INFO] IPUIPlugin:80 - create IPUIPlugin
2023-11-21 12:07:03,845 [INFO] PluginManager:220 - loadIPPluginJar : add freertos
2023-11-21 12:07:03,851 [INFO] IPUIPlugin:80 - create IPUIPlugin
2023-11-21 12:07:03,853 [INFO] PluginManager:220 - loadIPPluginJar : add plateformsettings
2023-11-21 12:07:03,856 [INFO] IPUIPlugin:80 - create IPUIPlugin
2023-11-21 12:07:03,856 [INFO] PluginManager:220 - loadIPPluginJar : add hash
2023-11-21 12:07:03,858 [INFO] IPUIPlugin:80 - create IPUIPlugin
2023-11-21 12:07:03,858 [INFO] PluginManager:220 - loadIPPluginJar : add dma3
2023-11-21 12:07:03,861 [INFO] IPUIPlugin:80 - create IPUIPlugin
2023-11-21 12:07:03,861 [INFO] PluginManager:220 - loadIPPluginJar : add usbx
2023-11-21 12:07:03,863 [INFO] IPUIPlugin:80 - create IPUIPlugin
2023-11-21 12:07:03,863 [INFO] PluginManager:220 - loadIPPluginJar : add ts
2023-11-21 12:07:03,864 [INFO] IPUIPlugin:80 - create IPUIPlugin
2023-11-21 12:07:03,864 [INFO] PluginManager:220 - loadIPPluginJar : add comp
2023-11-21 12:07:03,867 [INFO] IPUIPlugin:80 - create IPUIPlugin
2023-11-21 12:07:03,867 [INFO] PluginManager:220 - loadIPPluginJar : add gtzc
2023-11-21 12:07:03,869 [INFO] IPUIPlugin:80 - create IPUIPlugin
2023-11-21 12:07:03,869 [INFO] PluginManager:220 - loadIPPluginJar : add lorawan
2023-11-21 12:07:03,873 [INFO] IPUIPlugin:80 - create IPUIPlugin
2023-11-21 12:07:03,873 [INFO] PluginManager:220 - loadIPPluginJar : add resmgrutility
2023-11-21 12:07:03,879 [INFO] IPUIPlugin:80 - create IPUIPlugin
2023-11-21 12:07:03,879 [INFO] PluginManager:220 - loadIPPluginJar : add dma
2023-11-21 12:07:03,881 [INFO] IPUIPlugin:80 - create IPUIPlugin
2023-11-21 12:07:03,881 [INFO] PluginManager:220 - loadIPPluginJar : add i2s
2023-11-21 12:07:03,882 [INFO] IPUIPlugin:80 - create IPUIPlugin
2023-11-21 12:07:03,882 [INFO] PluginManager:220 - loadIPPluginJar : add tsc
2023-11-21 12:07:03,884 [INFO] IPUIPlugin:80 - create IPUIPlugin
2023-11-21 12:07:03,884 [INFO] PluginManager:220 - loadIPPluginJar : add gfxmmu
2023-11-21 12:07:03,888 [INFO] IPUIPlugin:80 - create IPUIPlugin
2023-11-21 12:07:03,888 [INFO] PluginManager:220 - loadIPPluginJar : add stm32_wpan
2023-11-21 12:07:03,890 [INFO] IPUIPlugin:80 - create IPUIPlugin
2023-11-21 12:07:03,890 [INFO] PluginManager:220 - loadIPPluginJar : add fatfs
2023-11-21 12:07:03,895 [INFO] IPUIPlugin:80 - create IPUIPlugin
2023-11-21 12:07:03,895 [INFO] PluginManager:220 - loadIPPluginJar : add adc
2023-11-21 12:07:03,898 [INFO] IPUIPlugin:80 - create IPUIPlugin
2023-11-21 12:07:03,899 [INFO] PluginManager:220 - loadIPPluginJar : add nvic
2023-11-21 12:07:03,997 [INFO] CADModel:165 - CPN selected for project level
2023-11-21 12:07:03,998 [INFO] CADModel:114 - Register for checkConnection events
2023-11-21 12:07:03,998 [FATAL] Updater:308 - Updater called before beeing initialized
2023-11-21 12:07:03,998 [ERROR] CADModel:125 - Updater not yet initialized, retry later 
2023-11-21 12:07:04,177 [INFO] CADModel:165 - CPN selected for project level
2023-11-21 12:07:04,177 [INFO] CADModel:114 - Register for checkConnection events
2023-11-21 12:07:04,177 [FATAL] Updater:308 - Updater called before beeing initialized
2023-11-21 12:07:04,177 [ERROR] CADModel:125 - Updater not yet initialized, retry later 
2023-11-21 12:07:04,180 [FATAL] Updater:308 - Updater called before beeing initialized
2023-11-21 12:07:04,258 [FATAL] Updater:308 - Updater called before beeing initialized
2023-11-21 12:07:04,264 [INFO] DbMcusAds:53 - JSON generation date=Tue Mar 07 04:50:55 AST 2023 (1678179055114)
2023-11-21 12:07:04,264 [FATAL] Updater:308 - Updater called before beeing initialized
2023-11-21 12:07:04,303 [WARN] DetailPanel:346 - Failed to get advertising image, set to default
2023-11-21 12:07:04,398 [FATAL] Updater:308 - Updater called before beeing initialized
2023-11-21 12:07:04,400 [FATAL] Updater:308 - Updater called before beeing initialized
2023-11-21 12:07:04,400 [FATAL] Updater:308 - Updater called before beeing initialized
2023-11-21 12:07:04,400 [WARN] DetailPanel:346 - Failed to get advertising image, set to default
2023-11-21 12:07:04,401 [FATAL] Updater:308 - Updater called before beeing initialized
2023-11-21 12:07:04,428 [ERROR] Updater:1120 - MainUpdater not yet initialized. External WinMGr cannot be set.
2023-11-21 12:07:04,431 [INFO] Updater:1056 - Updater Version found : 6.9.2
2023-11-21 12:07:04,452 [INFO] ApplicationProperties:184 - Using Application install path: /opt/st/stm32cubeide_1.13.2/plugins/com.st.stm32cube.common.mx_6.9.2.202309101412
2023-11-21 12:07:04,607 [INFO] MainUpdater:2868 - connection check result : 10
2023-11-21 12:07:04,608 [INFO] MainUpdater:3562 - Updater definition file requires update
2023-11-21 12:07:04,608 [INFO] MainUpdater:285 - Updater Check For Update Now.
2023-11-21 12:07:04,608 [INFO] MicroXplorer:498 - Change Database Version : DB.6.0.92
2023-11-21 12:07:04,616 [INFO] McuFinderGlobals:63 - Set McuFinder mode to 2 (CubeIDE integrated)
2023-11-21 12:07:04,647 [INFO] ServerAccessManage:473 - Download File updaters.zip
2023-11-21 12:07:04,770 [INFO] FileExtend:240 - Unzip File : updaters.zip
2023-11-21 12:07:04,770 [INFO] FileExtend:255 - Standard Zip Deflate
2023-11-21 12:07:04,965 [INFO] ServerAccessManage:473 - Download File PacksControlFlags.xml
2023-11-21 12:07:05,025 [INFO] ServerAccessManage:473 - Download File cubemx.pidx
2023-11-21 12:07:05,365 [INFO] ServerAccessManage:473 - Download File STMicroelectronics.FP-SNS-MOTENVWB1.pdsc
2023-11-21 12:07:05,832 [INFO] ServerAccessManage:473 - Download File STMicroelectronics.X-CUBE-TOF1.pdsc
2023-11-21 12:07:06,284 [WARN] MainUpdater:1189 - Updater busy. Cannot search thirdparties
2023-11-21 12:07:06,285 [INFO] ThirdPartyUpdaterWithRetryManager:96 - Updater plugin is busy. [1/15]
2023-11-21 12:07:06,659 [ERROR] ServerAccessManage:1089 - Problem, file not found on Server
2023-11-21 12:07:07,106 [ERROR] ServerAccessManage:1096 - Problem, Http access forbiden
2023-11-21 12:07:07,106 [ERROR] ServerAccessManage:651 - Problem, Http access forbiden : RoweBots.I-CUBE-UNISONRTOS.pdsc.
2023-11-21 12:07:07,247 [WARN] PackLoader:240 - Cannot read IP mode file for STMicroelectronics.FP-SNS-MOTENVWB1.1.3.0
2023-11-21 12:07:07,274 [WARN] PackLoader:240 - Cannot read IP mode file for STMicroelectronics.X-CUBE-TOF1.3.4.0
2023-11-21 12:07:07,297 [INFO] PopulateThirdPartyThread:66 - Ending populate Thread
2023-11-21 12:07:07,298 [INFO] ThirdParty:1030 - CMSIS Pack Vendor :STMicroelectronics FP-SNS-MOTENVWB1 1.3.0
2023-11-21 12:07:07,298 [INFO] ThirdParty:1030 - CMSIS Pack Vendor :STMicroelectronics X-CUBE-TOF1 3.4.0
2023-11-21 12:07:07,298 [INFO] LoadServerUpdatesThread:373 - End of LoadServerUpdate Thread
2023-11-21 12:07:07,396 [INFO] CheckServerUpdateThread:120 - End of CheckServer Thread
2023-11-21 12:07:09,401 [WARN] PackLoader:240 - Cannot read IP mode file for STMicroelectronics.X-CUBE-SMBUS.2.1.0
2023-11-21 12:07:09,425 [WARN] PackLoader:240 - Cannot read IP mode file for STMicroelectronics.X-CUBE-AZRTOS-F7.1.1.0
2023-11-21 12:07:09,435 [WARN] PackLoader:240 - Cannot read IP mode file for STMicroelectronics.FP-SNS-MOTENV1.4.3.2
2023-11-21 12:07:09,442 [WARN] PackLoader:240 - Cannot read IP mode file for STMicroelectronics.FP-SNS-FLIGHT1.5.0.2
2023-11-21 12:07:09,451 [WARN] PackLoader:240 - Cannot read IP mode file for STMicroelectronics.X-CUBE-DISPLAY.3.0.0
2023-11-21 12:07:09,463 [WARN] PackLoader:240 - Cannot read IP mode file for STMicroelectronics.X-CUBE-BLE1.7.0.0
2023-11-21 12:07:09,469 [WARN] PackLoader:240 - Cannot read IP mode file for emotas.I-CUBE-CANOPEN.1.3.0
2023-11-21 12:07:09,473 [WARN] PackLoader:240 - Cannot read IP mode file for STMicroelectronics.X-CUBE-TOUCHGFX.4.22.0
2023-11-21 12:07:09,475 [WARN] PackLoader:240 - Cannot read IP mode file for STMicroelectronics.X-CUBE-TOUCHGFX.4.22.1
2023-11-21 12:07:09,479 [WARN] PackLoader:240 - Cannot read IP mode file for STMicroelectronics.FP-SNS-SMARTAG2.1.2.0
2023-11-21 12:07:09,488 [INFO] LogOutputStream:77 - [STDOUT_REDIRECT] 1 : Invalid condition id : UX_CORESTACK_Condition cause : null
2023-11-21 12:07:09,489 [INFO] LogOutputStream:77 - [STDOUT_REDIRECT] 1 : Invalid condition id : UX_CORESTACK_Condition cause : null
2023-11-21 12:07:09,489 [INFO] LogOutputStream:77 - [STDOUT_REDIRECT] 1 : Invalid condition id : UX_CORESTACK_Condition cause : null
2023-11-21 12:07:09,489 [INFO] LogOutputStream:77 - [STDOUT_REDIRECT] 1 : Invalid condition id : UX_CORESTACK_Condition cause : null
2023-11-21 12:07:09,490 [INFO] LogOutputStream:77 - [STDOUT_REDIRECT] 1 : Invalid condition id : UX_CORESTACK_Condition cause : null
2023-11-21 12:07:09,494 [WARN] PackLoader:240 - Cannot read IP mode file for STMicroelectronics.X-CUBE-AZRTOS-WL.2.0.0
2023-11-21 12:07:09,501 [WARN] PackLoader:240 - Cannot read IP mode file for WES.I-CUBE-Cesium.1.3.0
2023-11-21 12:07:09,506 [WARN] PackLoader:240 - Cannot read IP mode file for STMicroelectronics.X-CUBE-BLE2.3.3.0
2023-11-21 12:07:09,512 [WARN] PackLoader:240 - Cannot read IP mode file for STMicroelectronics.X-CUBE-ALGOBUILD.1.3.0
2023-11-21 12:07:09,530 [WARN] PackLoader:240 - Cannot read IP mode file for STMicroelectronics.X-CUBE-AZRTOS-G0.1.1.0
2023-11-21 12:07:09,537 [WARN] PackLoader:240 - Cannot read IP mode file for STMicroelectronics.X-CUBE-NFC4.3.0.0
2023-11-21 12:07:09,548 [WARN] PackLoader:240 - Cannot read IP mode file for STMicroelectronics.X-CUBE-BLEMGR.3.0.0
2023-11-21 12:07:09,554 [WARN] PackLoader:240 - Cannot read IP mode file for STMicroelectronics.FP-ATR-SIGFOX1.3.2.0
2023-11-21 12:07:09,590 [WARN] PackLoader:240 - Cannot read IP mode file for SEGGER.I-CUBE-embOS.1.3.1
2023-11-21 12:07:09,642 [WARN] PackLoader:240 - Cannot read IP mode file for STMicroelectronics.X-CUBE-GNSS1.6.0.0
2023-11-21 12:07:09,660 [WARN] PackLoader:240 - Cannot read IP mode file for STMicroelectronics.X-CUBE-AZRTOS-F4.1.1.0
2023-11-21 12:07:09,667 [WARN] PackLoader:240 - Cannot read IP mode file for wolfSSL.I-CUBE-wolfSSL.5.6.3
2023-11-21 12:07:09,684 [WARN] PackLoader:240 - Cannot read IP mode file for STMicroelectronics.X-CUBE-AZRTOS-L5.2.0.0
2023-11-21 12:07:09,761 [WARN] PackLoader:240 - Cannot read IP mode file for STMicroelectronics.X-CUBE-MEMS1.9.6.0
2023-11-21 12:07:10,002 [WARN] PackLoader:240 - Cannot read IP mode file for STMicroelectronics.X-CUBE-EEPRMA1.4.2.0
2023-11-21 12:07:10,006 [WARN] PackLoader:240 - Cannot read IP mode file for ITTIA_DB.I-CUBE-ITTIADB.8.8.0
2023-11-21 12:07:10,013 [WARN] PackLoader:240 - Cannot read IP mode file for STMicroelectronics.X-CUBE-BLEMGR.2.0.0
2023-11-21 12:07:10,039 [WARN] ConditionMgr:438 - getConditionDescription Invalid condition id : UX DEVICE CLASS RTOS Condition cause : null
2023-11-21 12:07:10,040 [WARN] ConditionMgr:438 - getConditionDescription Invalid condition id : UX DEVICE CLASS RTOS Condition cause : null
2023-11-21 12:07:10,045 [WARN] PackLoader:240 - Cannot read IP mode file for STMicroelectronics.X-CUBE-AZRTOS-H7.3.1.0
2023-11-21 12:07:10,046 [WARN] ConditionMgr:1039 - genDependencies : Invalid condition id : UX DEVICE CLASS RTOS Condition cause : null
2023-11-21 12:07:10,047 [WARN] ConditionMgr:1039 - genDependencies : Invalid condition id : UX DEVICE CLASS RTOS Condition cause : null
2023-11-21 12:07:10,048 [WARN] ConditionMgr:1039 - genDependencies : Invalid condition id : UX DEVICE CLASS RTOS Condition cause : null
2023-11-21 12:07:10,049 [WARN] ConditionMgr:1039 - genDependencies : Invalid condition id : UX DEVICE CLASS RTOS Condition cause : null
2023-11-21 12:07:10,049 [WARN] ConditionMgr:1039 - genDependencies : Invalid condition id : UX DEVICE CLASS RTOS Condition cause : null
2023-11-21 12:07:10,057 [WARN] PackLoader:240 - Cannot read IP mode file for STMicroelectronics.X-CUBE-NFC7.1.0.1
2023-11-21 12:07:10,068 [WARN] PackLoader:240 - Cannot read IP mode file for STMicroelectronics.X-CUBE-NFC6.3.0.0
2023-11-21 12:07:10,078 [WARN] PackLoader:240 - Cannot read IP mode file for STMicroelectronics.X-CUBE-EEPRMA1.4.1.0
2023-11-21 12:07:10,084 [WARN] PackLoader:240 - Cannot read IP mode file for STMicroelectronics.X-CUBE-AI.8.1.0
2023-11-21 12:07:10,106 [WARN] ConditionMgr:438 - getConditionDescription Invalid condition id : LAN8742 Phy interface Condition cause : null
2023-11-21 12:07:10,107 [WARN] PackLoader:240 - Cannot read IP mode file for STMicroelectronics.X-CUBE-AZRTOS-L4.2.0.0
2023-11-21 12:07:10,108 [WARN] ConditionMgr:1039 - genDependencies : Invalid condition id : LAN8742 Phy interface Condition cause : null
2023-11-21 12:07:10,109 [WARN] ConditionMgr:1039 - genDependencies : Invalid condition id : LAN8742 Phy interface Condition cause : null
2023-11-21 12:07:10,110 [WARN] ConditionMgr:1039 - genDependencies : Invalid condition id : LAN8742 Phy interface Condition cause : null
2023-11-21 12:07:10,118 [WARN] PackLoader:240 - Cannot read IP mode file for STMicroelectronics.X-CUBE-SFXS2LP1.4.0.0
2023-11-21 12:07:10,126 [WARN] PackLoader:240 - Cannot read IP mode file for STMicroelectronics.X-CUBE-ISPU.1.1.0
2023-11-21 12:07:10,143 [WARN] ConditionMgr:438 - getConditionDescription Invalid condition id : UX DEVICE CLASS RTOS Condition cause : null
2023-11-21 12:07:10,144 [WARN] ConditionMgr:438 - getConditionDescription Invalid condition id : UX DEVICE CLASS RTOS Condition cause : null
2023-11-21 12:07:10,147 [WARN] PackLoader:240 - Cannot read IP mode file for STMicroelectronics.X-CUBE-AZRTOS-WB.2.0.0
2023-11-21 12:07:10,147 [WARN] ConditionMgr:1039 - genDependencies : Invalid condition id : UX DEVICE CLASS RTOS Condition cause : null
2023-11-21 12:07:10,148 [WARN] ConditionMgr:1039 - genDependencies : Invalid condition id : UX DEVICE CLASS RTOS Condition cause : null
2023-11-21 12:07:10,148 [WARN] ConditionMgr:1039 - genDependencies : Invalid condition id : UX DEVICE CLASS RTOS Condition cause : null
2023-11-21 12:07:10,149 [WARN] ConditionMgr:1039 - genDependencies : Invalid condition id : UX DEVICE CLASS RTOS Condition cause : null
2023-11-21 12:07:10,149 [WARN] ConditionMgr:1039 - genDependencies : Invalid condition id : UX DEVICE CLASS RTOS Condition cause : null
2023-11-21 12:07:10,160 [WARN] PackLoader:240 - Cannot read IP mode file for STMicroelectronics.X-CUBE-SUBG2.5.0.0
2023-11-21 12:07:10,177 [WARN] PackLoader:240 - Cannot read IP mode file for STMicroelectronics.X-CUBE-TOF1.3.3.1
2023-11-21 12:07:10,200 [WARN] PackLoader:240 - Cannot read IP mode file for STMicroelectronics.X-CUBE-AZRTOS-G4.2.0.0
2023-11-21 12:07:10,216 [WARN] PackLoader:240 - Cannot read IP mode file for Infineon.AIROC-Wi-Fi-Bluetooth-STM32.1.5.1
2023-11-21 12:07:10,224 [WARN] PackLoader:240 - Cannot read IP mode file for STMicroelectronics.FP-SNS-MOTENVWB1.1.3.0
2023-11-21 12:07:10,275 [WARN] PackLoader:240 - Cannot read IP mode file for STMicroelectronics.X-CUBE-MEMS1.10.0.0
2023-11-21 12:07:10,468 [WARN] PackLoader:240 - Cannot read IP mode file for STMicroelectronics.X-CUBE-FREERTOS.1.1.0
2023-11-21 12:07:10,474 [WARN] PackLoader:240 - Cannot read IP mode file for portGmbH.I-Cube-SoM-uGOAL.1.1.0
2023-11-21 12:07:10,478 [WARN] PackLoader:240 - Cannot read IP mode file for STMicroelectronics.X-CUBE-ALS.1.0.1
2023-11-21 12:07:10,482 [WARN] PackLoader:240 - Cannot read IP mode file for STMicroelectronics.FP-ATR-ASTRA1.2.0.0
2023-11-21 12:07:10,495 [WARN] PackLoader:240 - Cannot read IP mode file for STMicroelectronics.X-CUBE-TOF1.3.4.0
2023-11-21 12:07:10,511 [INFO] ThirdParty:978 - Integrity check success = true
2023-11-21 12:07:10,512 [INFO] IntegrityCheckThread:100 - exiting critical section [integrity check]
2023-11-21 12:07:10,512 [INFO] IntegrityCheckThread:103 - End integrity checks thread
2023-11-21 12:07:25,205 [ERROR] LogOutputStream:75 - [STDERR_REDIRECT] SLF4J: Failed to load class "org.slf4j.impl.StaticLoggerBinder".
2023-11-21 12:07:25,206 [ERROR] LogOutputStream:75 - [STDERR_REDIRECT] SLF4J: Defaulting to no-operation (NOP) logger implementation
2023-11-21 12:07:25,206 [ERROR] LogOutputStream:75 - [STDERR_REDIRECT] SLF4J: See http://www.slf4j.org/codes.html#StaticLoggerBinder for further details.
