2023-11-23 18:53:50,212 [INFO] Activator:176 - 


2023-11-23 18:53:50,214 [INFO] Activator:177 - !SESSION log4j initialized
2023-11-23 18:53:51,731 [INFO] LogOutputStream:77 - [STDOUT_REDIRECT] 
2023-11-23 18:53:53,389 [INFO] ApplicationProperties:184 - Using Application install path: /opt/st/stm32cubeide_1.13.2/plugins/com.st.stm32cube.common.mx_6.9.2.202309101412
2023-11-23 18:53:53,406 [INFO] DbMcusXml:78 - Set database path to: /opt/st/stm32cubeide_1.13.2/plugins/com.st.stm32cube.common.mx_6.9.2.202309101412//db//mcu/
2023-11-23 18:53:53,406 [INFO] ApiDb:274 - Set plugin database path to: /opt/st/stm32cubeide_1.13.2/plugins/com.st.stm32cube.common.mx_6.9.2.202309101412//db//plugins/boardmanager/
2023-11-23 18:53:53,407 [WARN] ApiDb:259 - Overriding images path with different value:  => /opt/st/stm32cubeide_1.13.2/plugins/com.st.stm32cube.common.mx_6.9.2.202309101412//db//plugins/mcufinder/images/
2023-11-23 18:53:53,415 [INFO] ApiDb:250 - Set database path to: /home/chris/.stmcufinder/plugins/mcufinder//mcu/
2023-11-23 18:53:53,417 [INFO] DbMcusAds:125 - Set database path to: /home/chris/.stmcufinder/plugins/mcufinder//mcu/
2023-11-23 18:53:53,420 [INFO] CrossReferenceDbSqlite:203 - Set database path to: /home/chris/.stmcufinder/plugins/mcufinder//mcu/cs/
2023-11-23 18:53:53,511 [INFO] RulesReader:64 - Compatibility file has been processed (293 Rules)
2023-11-23 18:53:53,564 [INFO] DbMcusXml:78 - Set database path to: /opt/st/stm32cubeide_1.13.2/plugins/com.st.stm32cube.common.mx_6.9.2.202309101412//db//mcu/
2023-11-23 18:53:53,564 [INFO] ApiDb:274 - Set plugin database path to: /opt/st/stm32cubeide_1.13.2/plugins/com.st.stm32cube.common.mx_6.9.2.202309101412//db//plugins/boardmanager/
2023-11-23 18:53:53,565 [INFO] ApiDb:261 - Set plugin images path to: /opt/st/stm32cubeide_1.13.2/plugins/com.st.stm32cube.common.mx_6.9.2.202309101412//db//plugins/mcufinder/images/
2023-11-23 18:53:53,565 [WARN] DbFile:41 - Overriding database path with different value: /home/chris/.stmcufinder/plugins/mcufinder/ => /home/chris/.stmcufinder/plugins/mcufinder
2023-11-23 18:53:53,565 [INFO] ApiDb:250 - Set database path to: /home/chris/.stmcufinder/plugins/mcufinder//mcu/
2023-11-23 18:53:53,565 [WARN] DbFile:41 - Overriding database path with different value: /home/chris/.stmcufinder/plugins/mcufinder/ => /home/chris/.stmcufinder/plugins/mcufinder
2023-11-23 18:53:53,565 [INFO] DbMcusAds:125 - Set database path to: /home/chris/.stmcufinder/plugins/mcufinder//mcu/
2023-11-23 18:53:53,565 [WARN] DbFile:41 - Overriding database path with different value: /home/chris/.stmcufinder/plugins/mcufinder/ => /home/chris/.stmcufinder/plugins/mcufinder
2023-11-23 18:53:53,565 [WARN] DbFile:41 - Overriding database path with different value: /home/chris/.stmcufinder/plugins/mcufinder/ => /home/chris/.stmcufinder/plugins/mcufinder
2023-11-23 18:53:53,566 [INFO] CrossReferenceDbSqlite:203 - Set database path to: /home/chris/.stmcufinder/plugins/mcufinder//mcu/cs/
2023-11-23 18:53:53,620 [INFO] MainPanel:262 - HeapMemory: 268435456
2023-11-23 18:53:53,699 [INFO] DbMcusXml:78 - Set database path to: /opt/st/stm32cubeide_1.13.2/plugins/com.st.stm32cube.common.mx_6.9.2.202309101412//db//mcu/
2023-11-23 18:53:53,699 [INFO] ApiDb:274 - Set plugin database path to: /opt/st/stm32cubeide_1.13.2/plugins/com.st.stm32cube.common.mx_6.9.2.202309101412//db//plugins/boardmanager/
2023-11-23 18:53:53,699 [INFO] ApiDb:261 - Set plugin images path to: /opt/st/stm32cubeide_1.13.2/plugins/com.st.stm32cube.common.mx_6.9.2.202309101412//db//plugins/mcufinder/images/
2023-11-23 18:53:53,700 [WARN] DbFile:41 - Overriding database path with different value: /home/chris/.stmcufinder/plugins/mcufinder/ => /home/chris/.stmcufinder/plugins/mcufinder
2023-11-23 18:53:53,700 [INFO] ApiDb:250 - Set database path to: /home/chris/.stmcufinder/plugins/mcufinder//mcu/
2023-11-23 18:53:53,700 [WARN] DbFile:41 - Overriding database path with different value: /home/chris/.stmcufinder/plugins/mcufinder/ => /home/chris/.stmcufinder/plugins/mcufinder
2023-11-23 18:53:53,700 [INFO] DbMcusAds:125 - Set database path to: /home/chris/.stmcufinder/plugins/mcufinder//mcu/
2023-11-23 18:53:53,700 [WARN] DbFile:41 - Overriding database path with different value: /home/chris/.stmcufinder/plugins/mcufinder/ => /home/chris/.stmcufinder/plugins/mcufinder
2023-11-23 18:53:53,700 [WARN] DbFile:41 - Overriding database path with different value: /home/chris/.stmcufinder/plugins/mcufinder/ => /home/chris/.stmcufinder/plugins/mcufinder
2023-11-23 18:53:53,700 [INFO] CrossReferenceDbSqlite:203 - Set database path to: /home/chris/.stmcufinder/plugins/mcufinder//mcu/cs/
2023-11-23 18:53:53,714 [INFO] ApplicationProperties:184 - Using Application install path: /opt/st/stm32cubeide_1.13.2/plugins/com.st.stm32cube.common.mx_6.9.2.202309101412
2023-11-23 18:53:53,716 [INFO] PluginManage:196 - Search for loadable plugins [exclusion list=, ]
2023-11-23 18:53:53,717 [INFO] PluginManage:310 - Check plugin analytics
2023-11-23 18:53:53,857 [INFO] AnalyticsPlugin:253 - Accepted Software Licenses: 
2023-11-23 18:53:53,857 [INFO] AnalyticsPlugin:255 - Accepted CMSIS Pack Licenses: 
2023-11-23 18:53:53,857 [INFO] AnalyticsPlugin:257 - Accepted Firmware Licenses: FW.F4.1.27.0
2023-11-23 18:53:53,860 [INFO] PluginManage:359 - Loaded plugin analytics (category:tool,tabindex:-1)
2023-11-23 18:53:53,860 [INFO] PluginManage:310 - Check plugin cadmodel
2023-11-23 18:53:53,883 [INFO] CADModel:105 - Init CAD model plugin
2023-11-23 18:53:53,884 [INFO] PluginManage:359 - Loaded plugin cadmodel (category:power,tabindex:5)
2023-11-23 18:53:53,884 [INFO] PluginManage:310 - Check plugin clock
2023-11-23 18:53:53,890 [INFO] PluginManage:359 - Loaded plugin clock (category:base,tabindex:2)
2023-11-23 18:53:53,891 [INFO] PluginManage:310 - Check plugin ddr
2023-11-23 18:53:53,892 [INFO] PluginManage:359 - Loaded plugin ddr (category:tool,tabindex:6)
2023-11-23 18:53:53,892 [INFO] PluginManage:310 - Check plugin filemanager
2023-11-23 18:53:54,000 [INFO] PluginManage:359 - Loaded plugin filemanager (category:base,tabindex:10)
2023-11-23 18:53:54,000 [INFO] PluginManage:310 - Check plugin ipmanager
2023-11-23 18:53:54,005 [INFO] PluginManage:359 - Loaded plugin ipmanager (category:base,tabindex:5)
2023-11-23 18:53:54,005 [INFO] PluginManage:310 - Check plugin lpbam
2023-11-23 18:53:54,012 [INFO] PluginManage:359 - Loaded plugin lpbam (category:base,tabindex:0)
2023-11-23 18:53:54,012 [INFO] PluginManage:310 - Check plugin memorymap
2023-11-23 18:53:54,022 [INFO] PluginManage:359 - Loaded plugin memorymap (category:base,tabindex:4)
2023-11-23 18:53:54,022 [INFO] PluginManage:310 - Check plugin pinoutandconfiguration
2023-11-23 18:53:54,028 [INFO] PluginManage:359 - Loaded plugin pinoutandconfiguration (category:base,tabindex:1)
2023-11-23 18:53:54,028 [INFO] PluginManage:310 - Check plugin pinoutconfig
2023-11-23 18:53:54,098 [WARN] SupportedApi:132 - Cannot load RTOS API schema: s4s-elt-must-match.1: The content of 'definitions' must match (annotation?, (simpleType | complexType)?, (unique | key | keyref)*)). A problem was found starting at: attribute.
2023-11-23 18:53:54,250 [INFO] PluginManage:359 - Loaded plugin pinoutconfig (category:base,tabindex:0)
2023-11-23 18:53:54,250 [INFO] PluginManage:310 - Check plugin power
2023-11-23 18:53:54,257 [INFO] PluginManage:359 - Loaded plugin power (category:power,tabindex:4)
2023-11-23 18:53:54,257 [INFO] PluginManage:310 - Check plugin projectmanager
2023-11-23 18:53:54,270 [INFO] PluginManage:359 - Loaded plugin projectmanager (category:projectmanager,tabindex:3)
2023-11-23 18:53:54,270 [INFO] PluginManage:310 - Check plugin thirdparty
2023-11-23 18:53:54,383 [INFO] PluginManage:359 - Loaded plugin thirdparty (category:base,tabindex:-1)
2023-11-23 18:53:54,383 [INFO] PluginManage:310 - Check plugin tools
2023-11-23 18:53:54,383 [WARN] IntegrityCheckThread:84 - waiting for thirdparty lock release [integrity check]
2023-11-23 18:53:54,383 [INFO] IntegrityCheckThread:86 - entering critical section [integrity check]
2023-11-23 18:53:54,384 [INFO] ThirdPartyUpdaterWithRetryManager:70 - Updater plugin not ready yet. [1/15]
2023-11-23 18:53:54,385 [INFO] PluginManage:359 - Loaded plugin tools (category:base,tabindex:7)
2023-11-23 18:53:54,385 [INFO] PluginManage:310 - Check plugin tutovideos
2023-11-23 18:53:54,531 [INFO] PluginManage:359 - Loaded plugin tutovideos (category:base,tabindex:-1)
2023-11-23 18:53:54,531 [INFO] PluginManage:310 - Check plugin updater
2023-11-23 18:53:54,540 [INFO] PluginManage:359 - Loaded plugin updater (category:base,tabindex:12)
2023-11-23 18:53:54,540 [INFO] PluginManage:310 - Check plugin userauth
2023-11-23 18:53:54,544 [INFO] UserAuth:113 - Init User Auth plugin
2023-11-23 18:53:54,544 [INFO] PluginManage:359 - Loaded plugin userauth (category:base,tabindex:14)
2023-11-23 18:53:54,544 [INFO] PluginManage:283 - PluginManage : Loaded plugins [17]
2023-11-23 18:53:54,702 [INFO] PinOutPanel:1499 - setPackage(No Configuration,No Configuration)
2023-11-23 18:53:54,775 [INFO] CADModel:165 - CPN selected for project level
2023-11-23 18:53:54,775 [INFO] CADModel:114 - Register for checkConnection events
2023-11-23 18:53:54,786 [INFO] IPUIPlugin:80 - create IPUIPlugin
2023-11-23 18:53:54,787 [INFO] PluginManager:220 - loadIPPluginJar : add ipddr
2023-11-23 18:53:54,788 [INFO] IPUIPlugin:80 - create IPUIPlugin
2023-11-23 18:53:54,788 [INFO] PluginManager:220 - loadIPPluginJar : add aes
2023-11-23 18:53:54,791 [INFO] IPUIPlugin:80 - create IPUIPlugin
2023-11-23 18:53:54,792 [INFO] PluginManager:220 - loadIPPluginJar : add gpio
2023-11-23 18:53:54,793 [INFO] IPUIPlugin:80 - create IPUIPlugin
2023-11-23 18:53:54,794 [INFO] PluginManager:220 - loadIPPluginJar : add tim
2023-11-23 18:53:54,796 [INFO] IPUIPlugin:80 - create IPUIPlugin
2023-11-23 18:53:54,796 [INFO] PluginManager:220 - loadIPPluginJar : add touchsensing
2023-11-23 18:53:54,798 [INFO] IPUIPlugin:80 - create IPUIPlugin
2023-11-23 18:53:54,799 [INFO] PluginManager:220 - loadIPPluginJar : add spi
2023-11-23 18:53:54,802 [INFO] IPUIPlugin:80 - create IPUIPlugin
2023-11-23 18:53:54,802 [INFO] PluginManager:220 - loadIPPluginJar : add opamp
2023-11-23 18:53:54,804 [INFO] IPUIPlugin:80 - create IPUIPlugin
2023-11-23 18:53:54,804 [INFO] PluginManager:220 - loadIPPluginJar : add openamp
2023-11-23 18:53:54,806 [INFO] IPUIPlugin:80 - create IPUIPlugin
2023-11-23 18:53:54,806 [INFO] PluginManager:220 - loadIPPluginJar : add pdm2pcm
2023-11-23 18:53:54,808 [INFO] IPUIPlugin:80 - create IPUIPlugin
2023-11-23 18:53:54,808 [INFO] PluginManager:220 - loadIPPluginJar : add cryp
2023-11-23 18:53:54,809 [INFO] IPUIPlugin:80 - create IPUIPlugin
2023-11-23 18:53:54,809 [INFO] PluginManager:220 - loadIPPluginJar : add quadspi
2023-11-23 18:53:54,811 [INFO] IPUIPlugin:80 - create IPUIPlugin
2023-11-23 18:53:54,811 [INFO] PluginManager:220 - loadIPPluginJar : add dfsdm
2023-11-23 18:53:54,817 [INFO] IPUIPlugin:80 - create IPUIPlugin
2023-11-23 18:53:54,817 [INFO] PluginManager:220 - loadIPPluginJar : add mdma
2023-11-23 18:53:54,819 [INFO] IPUIPlugin:80 - create IPUIPlugin
2023-11-23 18:53:54,819 [INFO] PluginManager:220 - loadIPPluginJar : add usart
2023-11-23 18:53:54,822 [INFO] IPUIPlugin:80 - create IPUIPlugin
2023-11-23 18:53:54,822 [INFO] PluginManager:220 - loadIPPluginJar : add i2c
2023-11-23 18:53:54,825 [INFO] IPUIPlugin:80 - create IPUIPlugin
2023-11-23 18:53:54,825 [INFO] PluginManager:220 - loadIPPluginJar : add sai
2023-11-23 18:53:54,827 [INFO] IPUIPlugin:80 - create IPUIPlugin
2023-11-23 18:53:54,827 [INFO] PluginManager:220 - loadIPPluginJar : add tracer_emb
2023-11-23 18:53:54,831 [INFO] IPUIPlugin:80 - create IPUIPlugin
2023-11-23 18:53:54,831 [INFO] PluginManager:220 - loadIPPluginJar : add fmc
2023-11-23 18:53:54,836 [INFO] IPUIPlugin:80 - create IPUIPlugin
2023-11-23 18:53:54,836 [INFO] PluginManager:220 - loadIPPluginJar : add gic
2023-11-23 18:53:54,838 [INFO] IPUIPlugin:80 - create IPUIPlugin
2023-11-23 18:53:54,838 [INFO] PluginManager:220 - loadIPPluginJar : add ltdc
2023-11-23 18:53:54,840 [INFO] IPUIPlugin:80 - create IPUIPlugin
2023-11-23 18:53:54,840 [INFO] PluginManager:220 - loadIPPluginJar : add can
2023-11-23 18:53:54,841 [INFO] IPUIPlugin:80 - create IPUIPlugin
2023-11-23 18:53:54,842 [INFO] PluginManager:220 - loadIPPluginJar : add ucpd
2023-11-23 18:53:54,844 [INFO] IPUIPlugin:80 - create IPUIPlugin
2023-11-23 18:53:54,844 [INFO] PluginManager:220 - loadIPPluginJar : add i3c
2023-11-23 18:53:54,852 [INFO] IPUIPlugin:80 - create IPUIPlugin
2023-11-23 18:53:54,852 [INFO] PluginManager:220 - loadIPPluginJar : add linkedlist
2023-11-23 18:53:54,853 [INFO] IPUIPlugin:80 - create IPUIPlugin
2023-11-23 18:53:54,854 [INFO] PluginManager:220 - loadIPPluginJar : add genericplugin
2023-11-23 18:53:54,859 [INFO] IPUIPlugin:80 - create IPUIPlugin
2023-11-23 18:53:54,859 [INFO] PluginManager:220 - loadIPPluginJar : add freertos
2023-11-23 18:53:54,863 [INFO] IPUIPlugin:80 - create IPUIPlugin
2023-11-23 18:53:54,866 [INFO] PluginManager:220 - loadIPPluginJar : add plateformsettings
2023-11-23 18:53:54,868 [INFO] IPUIPlugin:80 - create IPUIPlugin
2023-11-23 18:53:54,868 [INFO] PluginManager:220 - loadIPPluginJar : add hash
2023-11-23 18:53:54,869 [INFO] IPUIPlugin:80 - create IPUIPlugin
2023-11-23 18:53:54,869 [INFO] PluginManager:220 - loadIPPluginJar : add dma3
2023-11-23 18:53:54,871 [INFO] IPUIPlugin:80 - create IPUIPlugin
2023-11-23 18:53:54,871 [INFO] PluginManager:220 - loadIPPluginJar : add usbx
2023-11-23 18:53:54,872 [INFO] IPUIPlugin:80 - create IPUIPlugin
2023-11-23 18:53:54,872 [INFO] PluginManager:220 - loadIPPluginJar : add ts
2023-11-23 18:53:54,873 [INFO] IPUIPlugin:80 - create IPUIPlugin
2023-11-23 18:53:54,873 [INFO] PluginManager:220 - loadIPPluginJar : add comp
2023-11-23 18:53:54,874 [INFO] IPUIPlugin:80 - create IPUIPlugin
2023-11-23 18:53:54,875 [INFO] PluginManager:220 - loadIPPluginJar : add gtzc
2023-11-23 18:53:54,876 [INFO] IPUIPlugin:80 - create IPUIPlugin
2023-11-23 18:53:54,876 [INFO] PluginManager:220 - loadIPPluginJar : add lorawan
2023-11-23 18:53:54,878 [INFO] IPUIPlugin:80 - create IPUIPlugin
2023-11-23 18:53:54,878 [INFO] PluginManager:220 - loadIPPluginJar : add resmgrutility
2023-11-23 18:53:54,883 [INFO] IPUIPlugin:80 - create IPUIPlugin
2023-11-23 18:53:54,884 [INFO] PluginManager:220 - loadIPPluginJar : add dma
2023-11-23 18:53:54,885 [INFO] IPUIPlugin:80 - create IPUIPlugin
2023-11-23 18:53:54,885 [INFO] PluginManager:220 - loadIPPluginJar : add i2s
2023-11-23 18:53:54,886 [INFO] IPUIPlugin:80 - create IPUIPlugin
2023-11-23 18:53:54,886 [INFO] PluginManager:220 - loadIPPluginJar : add tsc
2023-11-23 18:53:54,887 [INFO] IPUIPlugin:80 - create IPUIPlugin
2023-11-23 18:53:54,888 [INFO] PluginManager:220 - loadIPPluginJar : add gfxmmu
2023-11-23 18:53:54,891 [INFO] IPUIPlugin:80 - create IPUIPlugin
2023-11-23 18:53:54,891 [INFO] PluginManager:220 - loadIPPluginJar : add stm32_wpan
2023-11-23 18:53:54,892 [INFO] IPUIPlugin:80 - create IPUIPlugin
2023-11-23 18:53:54,892 [INFO] PluginManager:220 - loadIPPluginJar : add fatfs
2023-11-23 18:53:54,896 [INFO] IPUIPlugin:80 - create IPUIPlugin
2023-11-23 18:53:54,896 [INFO] PluginManager:220 - loadIPPluginJar : add adc
2023-11-23 18:53:54,899 [INFO] IPUIPlugin:80 - create IPUIPlugin
2023-11-23 18:53:54,899 [INFO] PluginManager:220 - loadIPPluginJar : add nvic
2023-11-23 18:53:54,998 [INFO] CADModel:165 - CPN selected for project level
2023-11-23 18:53:54,998 [INFO] CADModel:114 - Register for checkConnection events
2023-11-23 18:53:54,998 [FATAL] Updater:308 - Updater called before beeing initialized
2023-11-23 18:53:54,998 [ERROR] CADModel:125 - Updater not yet initialized, retry later 
2023-11-23 18:53:55,137 [INFO] CADModel:165 - CPN selected for project level
2023-11-23 18:53:55,137 [INFO] CADModel:114 - Register for checkConnection events
2023-11-23 18:53:55,137 [FATAL] Updater:308 - Updater called before beeing initialized
2023-11-23 18:53:55,137 [ERROR] CADModel:125 - Updater not yet initialized, retry later 
2023-11-23 18:53:55,147 [FATAL] Updater:308 - Updater called before beeing initialized
2023-11-23 18:53:55,226 [FATAL] Updater:308 - Updater called before beeing initialized
2023-11-23 18:53:55,232 [INFO] DbMcusAds:53 - JSON generation date=Tue Mar 07 04:50:55 AST 2023 (1678179055114)
2023-11-23 18:53:55,232 [FATAL] Updater:308 - Updater called before beeing initialized
2023-11-23 18:53:55,264 [WARN] DetailPanel:346 - Failed to get advertising image, set to default
2023-11-23 18:53:55,358 [FATAL] Updater:308 - Updater called before beeing initialized
2023-11-23 18:53:55,359 [FATAL] Updater:308 - Updater called before beeing initialized
2023-11-23 18:53:55,360 [FATAL] Updater:308 - Updater called before beeing initialized
2023-11-23 18:53:55,360 [WARN] DetailPanel:346 - Failed to get advertising image, set to default
2023-11-23 18:53:55,361 [FATAL] Updater:308 - Updater called before beeing initialized
2023-11-23 18:53:55,388 [ERROR] Updater:1120 - MainUpdater not yet initialized. External WinMGr cannot be set.
2023-11-23 18:53:55,389 [INFO] Updater:1056 - Updater Version found : 6.9.2
2023-11-23 18:53:55,405 [INFO] ApplicationProperties:184 - Using Application install path: /opt/st/stm32cubeide_1.13.2/plugins/com.st.stm32cube.common.mx_6.9.2.202309101412
2023-11-23 18:53:55,518 [INFO] MainUpdater:2868 - connection check result : 10
2023-11-23 18:53:55,519 [INFO] MainUpdater:285 - Updater Check For Update Now.
2023-11-23 18:53:55,520 [INFO] MicroXplorer:498 - Change Database Version : DB.6.0.92
2023-11-23 18:53:55,524 [INFO] McuFinderGlobals:63 - Set McuFinder mode to 2 (CubeIDE integrated)
2023-11-23 18:53:55,720 [INFO] CheckServerUpdateThread:120 - End of CheckServer Thread
2023-11-23 18:53:57,516 [WARN] PackLoader:240 - Cannot read IP mode file for STMicroelectronics.X-CUBE-SMBUS.2.1.0
2023-11-23 18:53:57,546 [WARN] PackLoader:240 - Cannot read IP mode file for STMicroelectronics.X-CUBE-AZRTOS-F7.1.1.0
2023-11-23 18:53:57,558 [WARN] PackLoader:240 - Cannot read IP mode file for STMicroelectronics.FP-SNS-MOTENV1.4.3.2
2023-11-23 18:53:57,567 [WARN] PackLoader:240 - Cannot read IP mode file for STMicroelectronics.FP-SNS-FLIGHT1.5.0.2
2023-11-23 18:53:57,576 [WARN] PackLoader:240 - Cannot read IP mode file for STMicroelectronics.X-CUBE-DISPLAY.3.0.0
2023-11-23 18:53:57,593 [WARN] PackLoader:240 - Cannot read IP mode file for STMicroelectronics.X-CUBE-BLE1.7.0.0
2023-11-23 18:53:57,599 [WARN] PackLoader:240 - Cannot read IP mode file for emotas.I-CUBE-CANOPEN.1.3.0
2023-11-23 18:53:57,603 [WARN] PackLoader:240 - Cannot read IP mode file for STMicroelectronics.X-CUBE-TOUCHGFX.4.22.0
2023-11-23 18:53:57,606 [WARN] PackLoader:240 - Cannot read IP mode file for STMicroelectronics.X-CUBE-TOUCHGFX.4.22.1
2023-11-23 18:53:57,611 [WARN] PackLoader:240 - Cannot read IP mode file for STMicroelectronics.FP-SNS-SMARTAG2.1.2.0
2023-11-23 18:53:57,624 [INFO] LogOutputStream:77 - [STDOUT_REDIRECT] 1 : Invalid condition id : UX_CORESTACK_Condition cause : null
2023-11-23 18:53:57,625 [INFO] LogOutputStream:77 - [STDOUT_REDIRECT] 1 : Invalid condition id : UX_CORESTACK_Condition cause : null
2023-11-23 18:53:57,625 [INFO] LogOutputStream:77 - [STDOUT_REDIRECT] 1 : Invalid condition id : UX_CORESTACK_Condition cause : null
2023-11-23 18:53:57,626 [INFO] LogOutputStream:77 - [STDOUT_REDIRECT] 1 : Invalid condition id : UX_CORESTACK_Condition cause : null
2023-11-23 18:53:57,626 [INFO] LogOutputStream:77 - [STDOUT_REDIRECT] 1 : Invalid condition id : UX_CORESTACK_Condition cause : null
2023-11-23 18:53:57,633 [WARN] PackLoader:240 - Cannot read IP mode file for STMicroelectronics.X-CUBE-AZRTOS-WL.2.0.0
2023-11-23 18:53:57,644 [WARN] PackLoader:240 - Cannot read IP mode file for WES.I-CUBE-Cesium.1.3.0
2023-11-23 18:53:57,652 [WARN] PackLoader:240 - Cannot read IP mode file for STMicroelectronics.X-CUBE-BLE2.3.3.0
2023-11-23 18:53:57,660 [WARN] PackLoader:240 - Cannot read IP mode file for STMicroelectronics.X-CUBE-ALGOBUILD.1.3.0
2023-11-23 18:53:57,682 [WARN] PackLoader:240 - Cannot read IP mode file for STMicroelectronics.X-CUBE-AZRTOS-G0.1.1.0
2023-11-23 18:53:57,689 [WARN] PackLoader:240 - Cannot read IP mode file for STMicroelectronics.X-CUBE-NFC4.3.0.0
2023-11-23 18:53:57,698 [WARN] PackLoader:240 - Cannot read IP mode file for STMicroelectronics.X-CUBE-BLEMGR.3.0.0
2023-11-23 18:53:57,703 [WARN] PackLoader:240 - Cannot read IP mode file for STMicroelectronics.FP-ATR-SIGFOX1.3.2.0
2023-11-23 18:53:57,730 [WARN] PackLoader:240 - Cannot read IP mode file for SEGGER.I-CUBE-embOS.1.3.1
2023-11-23 18:53:57,772 [WARN] PackLoader:240 - Cannot read IP mode file for STMicroelectronics.X-CUBE-GNSS1.6.0.0
2023-11-23 18:53:57,793 [WARN] PackLoader:240 - Cannot read IP mode file for STMicroelectronics.X-CUBE-AZRTOS-F4.1.1.0
2023-11-23 18:53:57,801 [WARN] PackLoader:240 - Cannot read IP mode file for wolfSSL.I-CUBE-wolfSSL.5.6.3
2023-11-23 18:53:57,823 [WARN] PackLoader:240 - Cannot read IP mode file for STMicroelectronics.X-CUBE-AZRTOS-L5.2.0.0
2023-11-23 18:53:57,892 [WARN] PackLoader:240 - Cannot read IP mode file for STMicroelectronics.X-CUBE-MEMS1.9.6.0
2023-11-23 18:53:58,060 [WARN] PackLoader:240 - Cannot read IP mode file for STMicroelectronics.X-CUBE-EEPRMA1.4.2.0
2023-11-23 18:53:58,066 [WARN] PackLoader:240 - Cannot read IP mode file for ITTIA_DB.I-CUBE-ITTIADB.8.8.0
2023-11-23 18:53:58,075 [WARN] PackLoader:240 - Cannot read IP mode file for STMicroelectronics.X-CUBE-BLEMGR.2.0.0
2023-11-23 18:53:58,096 [WARN] ConditionMgr:438 - getConditionDescription Invalid condition id : UX DEVICE CLASS RTOS Condition cause : null
2023-11-23 18:53:58,097 [WARN] ConditionMgr:438 - getConditionDescription Invalid condition id : UX DEVICE CLASS RTOS Condition cause : null
2023-11-23 18:53:58,101 [WARN] PackLoader:240 - Cannot read IP mode file for STMicroelectronics.X-CUBE-AZRTOS-H7.3.1.0
2023-11-23 18:53:58,103 [WARN] ConditionMgr:1039 - genDependencies : Invalid condition id : UX DEVICE CLASS RTOS Condition cause : null
2023-11-23 18:53:58,103 [WARN] ConditionMgr:1039 - genDependencies : Invalid condition id : UX DEVICE CLASS RTOS Condition cause : null
2023-11-23 18:53:58,105 [WARN] ConditionMgr:1039 - genDependencies : Invalid condition id : UX DEVICE CLASS RTOS Condition cause : null
2023-11-23 18:53:58,105 [WARN] ConditionMgr:1039 - genDependencies : Invalid condition id : UX DEVICE CLASS RTOS Condition cause : null
2023-11-23 18:53:58,105 [WARN] ConditionMgr:1039 - genDependencies : Invalid condition id : UX DEVICE CLASS RTOS Condition cause : null
2023-11-23 18:53:58,112 [WARN] PackLoader:240 - Cannot read IP mode file for STMicroelectronics.X-CUBE-NFC7.1.0.1
2023-11-23 18:53:58,120 [WARN] PackLoader:240 - Cannot read IP mode file for STMicroelectronics.X-CUBE-NFC6.3.0.0
2023-11-23 18:53:58,129 [WARN] PackLoader:240 - Cannot read IP mode file for STMicroelectronics.X-CUBE-EEPRMA1.4.1.0
2023-11-23 18:53:58,134 [WARN] PackLoader:240 - Cannot read IP mode file for STMicroelectronics.X-CUBE-AI.8.1.0
2023-11-23 18:53:58,155 [WARN] ConditionMgr:438 - getConditionDescription Invalid condition id : LAN8742 Phy interface Condition cause : null
2023-11-23 18:53:58,156 [WARN] PackLoader:240 - Cannot read IP mode file for STMicroelectronics.X-CUBE-AZRTOS-L4.2.0.0
2023-11-23 18:53:58,157 [WARN] ConditionMgr:1039 - genDependencies : Invalid condition id : LAN8742 Phy interface Condition cause : null
2023-11-23 18:53:58,158 [WARN] ConditionMgr:1039 - genDependencies : Invalid condition id : LAN8742 Phy interface Condition cause : null
2023-11-23 18:53:58,159 [WARN] ConditionMgr:1039 - genDependencies : Invalid condition id : LAN8742 Phy interface Condition cause : null
2023-11-23 18:53:58,168 [WARN] PackLoader:240 - Cannot read IP mode file for STMicroelectronics.X-CUBE-SFXS2LP1.4.0.0
2023-11-23 18:53:58,174 [WARN] PackLoader:240 - Cannot read IP mode file for STMicroelectronics.X-CUBE-ISPU.1.1.0
2023-11-23 18:53:58,188 [WARN] ConditionMgr:438 - getConditionDescription Invalid condition id : UX DEVICE CLASS RTOS Condition cause : null
2023-11-23 18:53:58,188 [WARN] ConditionMgr:438 - getConditionDescription Invalid condition id : UX DEVICE CLASS RTOS Condition cause : null
2023-11-23 18:53:58,191 [WARN] PackLoader:240 - Cannot read IP mode file for STMicroelectronics.X-CUBE-AZRTOS-WB.2.0.0
2023-11-23 18:53:58,191 [WARN] ConditionMgr:1039 - genDependencies : Invalid condition id : UX DEVICE CLASS RTOS Condition cause : null
2023-11-23 18:53:58,192 [WARN] ConditionMgr:1039 - genDependencies : Invalid condition id : UX DEVICE CLASS RTOS Condition cause : null
2023-11-23 18:53:58,192 [WARN] ConditionMgr:1039 - genDependencies : Invalid condition id : UX DEVICE CLASS RTOS Condition cause : null
2023-11-23 18:53:58,192 [WARN] ConditionMgr:1039 - genDependencies : Invalid condition id : UX DEVICE CLASS RTOS Condition cause : null
2023-11-23 18:53:58,192 [WARN] ConditionMgr:1039 - genDependencies : Invalid condition id : UX DEVICE CLASS RTOS Condition cause : null
2023-11-23 18:53:58,205 [WARN] PackLoader:240 - Cannot read IP mode file for STMicroelectronics.X-CUBE-SUBG2.5.0.0
2023-11-23 18:53:58,224 [WARN] PackLoader:240 - Cannot read IP mode file for STMicroelectronics.X-CUBE-TOF1.3.3.1
2023-11-23 18:53:58,252 [WARN] PackLoader:240 - Cannot read IP mode file for STMicroelectronics.X-CUBE-AZRTOS-G4.2.0.0
2023-11-23 18:53:58,269 [WARN] PackLoader:240 - Cannot read IP mode file for Infineon.AIROC-Wi-Fi-Bluetooth-STM32.1.5.1
2023-11-23 18:53:58,278 [WARN] PackLoader:240 - Cannot read IP mode file for STMicroelectronics.FP-SNS-MOTENVWB1.1.3.0
2023-11-23 18:53:58,327 [WARN] PackLoader:240 - Cannot read IP mode file for STMicroelectronics.X-CUBE-MEMS1.10.0.0
2023-11-23 18:53:58,519 [WARN] PackLoader:240 - Cannot read IP mode file for STMicroelectronics.X-CUBE-FREERTOS.1.1.0
2023-11-23 18:53:58,525 [WARN] PackLoader:240 - Cannot read IP mode file for portGmbH.I-Cube-SoM-uGOAL.1.1.0
2023-11-23 18:53:58,529 [WARN] PackLoader:240 - Cannot read IP mode file for STMicroelectronics.X-CUBE-ALS.1.0.1
2023-11-23 18:53:58,533 [WARN] PackLoader:240 - Cannot read IP mode file for STMicroelectronics.FP-ATR-ASTRA1.2.0.0
2023-11-23 18:53:58,546 [WARN] PackLoader:240 - Cannot read IP mode file for STMicroelectronics.X-CUBE-TOF1.3.4.0
2023-11-23 18:53:58,563 [INFO] ThirdParty:978 - Integrity check success = true
2023-11-23 18:53:58,563 [INFO] IntegrityCheckThread:100 - exiting critical section [integrity check]
2023-11-23 18:53:58,563 [INFO] IntegrityCheckThread:103 - End integrity checks thread
2023-11-23 18:54:16,238 [ERROR] LogOutputStream:75 - [STDERR_REDIRECT] SLF4J: Failed to load class "org.slf4j.impl.StaticLoggerBinder".
2023-11-23 18:54:16,238 [ERROR] LogOutputStream:75 - [STDERR_REDIRECT] SLF4J: Defaulting to no-operation (NOP) logger implementation
2023-11-23 18:54:16,239 [ERROR] LogOutputStream:75 - [STDERR_REDIRECT] SLF4J: See http://www.slf4j.org/codes.html#StaticLoggerBinder for further details.
2023-11-23 18:55:20,955 [INFO] Activator:176 - 


2023-11-23 18:55:20,956 [INFO] Activator:177 - !SESSION log4j initialized
2023-11-23 18:55:23,275 [INFO] LogOutputStream:77 - [STDOUT_REDIRECT] 
2023-11-23 18:55:24,792 [INFO] ApplicationProperties:184 - Using Application install path: /opt/st/stm32cubeide_1.13.2/plugins/com.st.stm32cube.common.mx_6.9.2.202309101412
2023-11-23 18:55:24,807 [INFO] DbMcusXml:78 - Set database path to: /opt/st/stm32cubeide_1.13.2/plugins/com.st.stm32cube.common.mx_6.9.2.202309101412//db//mcu/
2023-11-23 18:55:24,808 [INFO] ApiDb:274 - Set plugin database path to: /opt/st/stm32cubeide_1.13.2/plugins/com.st.stm32cube.common.mx_6.9.2.202309101412//db//plugins/boardmanager/
2023-11-23 18:55:24,808 [WARN] ApiDb:259 - Overriding images path with different value:  => /opt/st/stm32cubeide_1.13.2/plugins/com.st.stm32cube.common.mx_6.9.2.202309101412//db//plugins/mcufinder/images/
2023-11-23 18:55:24,816 [INFO] ApiDb:250 - Set database path to: /home/chris/.stmcufinder/plugins/mcufinder//mcu/
2023-11-23 18:55:24,817 [INFO] DbMcusAds:125 - Set database path to: /home/chris/.stmcufinder/plugins/mcufinder//mcu/
2023-11-23 18:55:24,820 [INFO] CrossReferenceDbSqlite:203 - Set database path to: /home/chris/.stmcufinder/plugins/mcufinder//mcu/cs/
2023-11-23 18:55:24,915 [INFO] RulesReader:64 - Compatibility file has been processed (293 Rules)
2023-11-23 18:55:24,970 [INFO] DbMcusXml:78 - Set database path to: /opt/st/stm32cubeide_1.13.2/plugins/com.st.stm32cube.common.mx_6.9.2.202309101412//db//mcu/
2023-11-23 18:55:24,970 [INFO] ApiDb:274 - Set plugin database path to: /opt/st/stm32cubeide_1.13.2/plugins/com.st.stm32cube.common.mx_6.9.2.202309101412//db//plugins/boardmanager/
2023-11-23 18:55:24,970 [INFO] ApiDb:261 - Set plugin images path to: /opt/st/stm32cubeide_1.13.2/plugins/com.st.stm32cube.common.mx_6.9.2.202309101412//db//plugins/mcufinder/images/
2023-11-23 18:55:24,970 [WARN] DbFile:41 - Overriding database path with different value: /home/chris/.stmcufinder/plugins/mcufinder/ => /home/chris/.stmcufinder/plugins/mcufinder
2023-11-23 18:55:24,971 [INFO] ApiDb:250 - Set database path to: /home/chris/.stmcufinder/plugins/mcufinder//mcu/
2023-11-23 18:55:24,971 [WARN] DbFile:41 - Overriding database path with different value: /home/chris/.stmcufinder/plugins/mcufinder/ => /home/chris/.stmcufinder/plugins/mcufinder
2023-11-23 18:55:24,971 [INFO] DbMcusAds:125 - Set database path to: /home/chris/.stmcufinder/plugins/mcufinder//mcu/
2023-11-23 18:55:24,971 [WARN] DbFile:41 - Overriding database path with different value: /home/chris/.stmcufinder/plugins/mcufinder/ => /home/chris/.stmcufinder/plugins/mcufinder
2023-11-23 18:55:24,971 [WARN] DbFile:41 - Overriding database path with different value: /home/chris/.stmcufinder/plugins/mcufinder/ => /home/chris/.stmcufinder/plugins/mcufinder
2023-11-23 18:55:24,971 [INFO] CrossReferenceDbSqlite:203 - Set database path to: /home/chris/.stmcufinder/plugins/mcufinder//mcu/cs/
2023-11-23 18:55:25,027 [INFO] MainPanel:262 - HeapMemory: 268435456
2023-11-23 18:55:25,124 [INFO] DbMcusXml:78 - Set database path to: /opt/st/stm32cubeide_1.13.2/plugins/com.st.stm32cube.common.mx_6.9.2.202309101412//db//mcu/
2023-11-23 18:55:25,124 [INFO] ApiDb:274 - Set plugin database path to: /opt/st/stm32cubeide_1.13.2/plugins/com.st.stm32cube.common.mx_6.9.2.202309101412//db//plugins/boardmanager/
2023-11-23 18:55:25,124 [INFO] ApiDb:261 - Set plugin images path to: /opt/st/stm32cubeide_1.13.2/plugins/com.st.stm32cube.common.mx_6.9.2.202309101412//db//plugins/mcufinder/images/
2023-11-23 18:55:25,125 [WARN] DbFile:41 - Overriding database path with different value: /home/chris/.stmcufinder/plugins/mcufinder/ => /home/chris/.stmcufinder/plugins/mcufinder
2023-11-23 18:55:25,125 [INFO] ApiDb:250 - Set database path to: /home/chris/.stmcufinder/plugins/mcufinder//mcu/
2023-11-23 18:55:25,125 [WARN] DbFile:41 - Overriding database path with different value: /home/chris/.stmcufinder/plugins/mcufinder/ => /home/chris/.stmcufinder/plugins/mcufinder
2023-11-23 18:55:25,125 [INFO] DbMcusAds:125 - Set database path to: /home/chris/.stmcufinder/plugins/mcufinder//mcu/
2023-11-23 18:55:25,125 [WARN] DbFile:41 - Overriding database path with different value: /home/chris/.stmcufinder/plugins/mcufinder/ => /home/chris/.stmcufinder/plugins/mcufinder
2023-11-23 18:55:25,125 [WARN] DbFile:41 - Overriding database path with different value: /home/chris/.stmcufinder/plugins/mcufinder/ => /home/chris/.stmcufinder/plugins/mcufinder
2023-11-23 18:55:25,125 [INFO] CrossReferenceDbSqlite:203 - Set database path to: /home/chris/.stmcufinder/plugins/mcufinder//mcu/cs/
2023-11-23 18:55:25,140 [INFO] ApplicationProperties:184 - Using Application install path: /opt/st/stm32cubeide_1.13.2/plugins/com.st.stm32cube.common.mx_6.9.2.202309101412
2023-11-23 18:55:25,142 [INFO] PluginManage:196 - Search for loadable plugins [exclusion list=, ]
2023-11-23 18:55:25,143 [INFO] PluginManage:310 - Check plugin analytics
2023-11-23 18:55:25,287 [INFO] AnalyticsPlugin:253 - Accepted Software Licenses: 
2023-11-23 18:55:25,288 [INFO] AnalyticsPlugin:255 - Accepted CMSIS Pack Licenses: 
2023-11-23 18:55:25,288 [INFO] AnalyticsPlugin:257 - Accepted Firmware Licenses: FW.F4.1.27.0
2023-11-23 18:55:25,290 [INFO] PluginManage:359 - Loaded plugin analytics (category:tool,tabindex:-1)
2023-11-23 18:55:25,291 [INFO] PluginManage:310 - Check plugin cadmodel
2023-11-23 18:55:25,316 [INFO] CADModel:105 - Init CAD model plugin
2023-11-23 18:55:25,317 [INFO] PluginManage:359 - Loaded plugin cadmodel (category:power,tabindex:5)
2023-11-23 18:55:25,317 [INFO] PluginManage:310 - Check plugin clock
2023-11-23 18:55:25,324 [INFO] PluginManage:359 - Loaded plugin clock (category:base,tabindex:2)
2023-11-23 18:55:25,325 [INFO] PluginManage:310 - Check plugin ddr
2023-11-23 18:55:25,326 [INFO] PluginManage:359 - Loaded plugin ddr (category:tool,tabindex:6)
2023-11-23 18:55:25,327 [INFO] PluginManage:310 - Check plugin filemanager
2023-11-23 18:55:25,440 [INFO] PluginManage:359 - Loaded plugin filemanager (category:base,tabindex:10)
2023-11-23 18:55:25,440 [INFO] PluginManage:310 - Check plugin ipmanager
2023-11-23 18:55:25,445 [INFO] PluginManage:359 - Loaded plugin ipmanager (category:base,tabindex:5)
2023-11-23 18:55:25,446 [INFO] PluginManage:310 - Check plugin lpbam
2023-11-23 18:55:25,453 [INFO] PluginManage:359 - Loaded plugin lpbam (category:base,tabindex:0)
2023-11-23 18:55:25,453 [INFO] PluginManage:310 - Check plugin memorymap
2023-11-23 18:55:25,462 [INFO] PluginManage:359 - Loaded plugin memorymap (category:base,tabindex:4)
2023-11-23 18:55:25,462 [INFO] PluginManage:310 - Check plugin pinoutandconfiguration
2023-11-23 18:55:25,468 [INFO] PluginManage:359 - Loaded plugin pinoutandconfiguration (category:base,tabindex:1)
2023-11-23 18:55:25,468 [INFO] PluginManage:310 - Check plugin pinoutconfig
2023-11-23 18:55:25,542 [WARN] SupportedApi:132 - Cannot load RTOS API schema: s4s-elt-must-match.1: The content of 'definitions' must match (annotation?, (simpleType | complexType)?, (unique | key | keyref)*)). A problem was found starting at: attribute.
2023-11-23 18:55:25,651 [INFO] PluginManage:359 - Loaded plugin pinoutconfig (category:base,tabindex:0)
2023-11-23 18:55:25,651 [INFO] PluginManage:310 - Check plugin power
2023-11-23 18:55:25,658 [INFO] PluginManage:359 - Loaded plugin power (category:power,tabindex:4)
2023-11-23 18:55:25,658 [INFO] PluginManage:310 - Check plugin projectmanager
2023-11-23 18:55:25,672 [INFO] PluginManage:359 - Loaded plugin projectmanager (category:projectmanager,tabindex:3)
2023-11-23 18:55:25,673 [INFO] PluginManage:310 - Check plugin thirdparty
2023-11-23 18:55:25,779 [INFO] PluginManage:359 - Loaded plugin thirdparty (category:base,tabindex:-1)
2023-11-23 18:55:25,779 [INFO] PluginManage:310 - Check plugin tools
2023-11-23 18:55:25,779 [WARN] IntegrityCheckThread:84 - waiting for thirdparty lock release [integrity check]
2023-11-23 18:55:25,779 [INFO] IntegrityCheckThread:86 - entering critical section [integrity check]
2023-11-23 18:55:25,780 [INFO] ThirdPartyUpdaterWithRetryManager:70 - Updater plugin not ready yet. [1/15]
2023-11-23 18:55:25,781 [INFO] PluginManage:359 - Loaded plugin tools (category:base,tabindex:7)
2023-11-23 18:55:25,781 [INFO] PluginManage:310 - Check plugin tutovideos
2023-11-23 18:55:25,922 [INFO] PluginManage:359 - Loaded plugin tutovideos (category:base,tabindex:-1)
2023-11-23 18:55:25,922 [INFO] PluginManage:310 - Check plugin updater
2023-11-23 18:55:25,931 [INFO] PluginManage:359 - Loaded plugin updater (category:base,tabindex:12)
2023-11-23 18:55:25,931 [INFO] PluginManage:310 - Check plugin userauth
2023-11-23 18:55:25,936 [INFO] UserAuth:113 - Init User Auth plugin
2023-11-23 18:55:25,936 [INFO] PluginManage:359 - Loaded plugin userauth (category:base,tabindex:14)
2023-11-23 18:55:25,936 [INFO] PluginManage:283 - PluginManage : Loaded plugins [17]
2023-11-23 18:55:26,089 [INFO] PinOutPanel:1499 - setPackage(No Configuration,No Configuration)
2023-11-23 18:55:26,160 [INFO] CADModel:165 - CPN selected for project level
2023-11-23 18:55:26,160 [INFO] CADModel:114 - Register for checkConnection events
2023-11-23 18:55:26,171 [INFO] IPUIPlugin:80 - create IPUIPlugin
2023-11-23 18:55:26,171 [INFO] PluginManager:220 - loadIPPluginJar : add ipddr
2023-11-23 18:55:26,173 [INFO] IPUIPlugin:80 - create IPUIPlugin
2023-11-23 18:55:26,173 [INFO] PluginManager:220 - loadIPPluginJar : add aes
2023-11-23 18:55:26,175 [INFO] IPUIPlugin:80 - create IPUIPlugin
2023-11-23 18:55:26,176 [INFO] PluginManager:220 - loadIPPluginJar : add gpio
2023-11-23 18:55:26,177 [INFO] IPUIPlugin:80 - create IPUIPlugin
2023-11-23 18:55:26,177 [INFO] PluginManager:220 - loadIPPluginJar : add tim
2023-11-23 18:55:26,179 [INFO] IPUIPlugin:80 - create IPUIPlugin
2023-11-23 18:55:26,179 [INFO] PluginManager:220 - loadIPPluginJar : add touchsensing
2023-11-23 18:55:26,181 [INFO] IPUIPlugin:80 - create IPUIPlugin
2023-11-23 18:55:26,181 [INFO] PluginManager:220 - loadIPPluginJar : add spi
2023-11-23 18:55:26,184 [INFO] IPUIPlugin:80 - create IPUIPlugin
2023-11-23 18:55:26,184 [INFO] PluginManager:220 - loadIPPluginJar : add opamp
2023-11-23 18:55:26,186 [INFO] IPUIPlugin:80 - create IPUIPlugin
2023-11-23 18:55:26,186 [INFO] PluginManager:220 - loadIPPluginJar : add openamp
2023-11-23 18:55:26,188 [INFO] IPUIPlugin:80 - create IPUIPlugin
2023-11-23 18:55:26,188 [INFO] PluginManager:220 - loadIPPluginJar : add pdm2pcm
2023-11-23 18:55:26,189 [INFO] IPUIPlugin:80 - create IPUIPlugin
2023-11-23 18:55:26,189 [INFO] PluginManager:220 - loadIPPluginJar : add cryp
2023-11-23 18:55:26,190 [INFO] IPUIPlugin:80 - create IPUIPlugin
2023-11-23 18:55:26,190 [INFO] PluginManager:220 - loadIPPluginJar : add quadspi
2023-11-23 18:55:26,192 [INFO] IPUIPlugin:80 - create IPUIPlugin
2023-11-23 18:55:26,192 [INFO] PluginManager:220 - loadIPPluginJar : add dfsdm
2023-11-23 18:55:26,196 [INFO] IPUIPlugin:80 - create IPUIPlugin
2023-11-23 18:55:26,197 [INFO] PluginManager:220 - loadIPPluginJar : add mdma
2023-11-23 18:55:26,199 [INFO] IPUIPlugin:80 - create IPUIPlugin
2023-11-23 18:55:26,199 [INFO] PluginManager:220 - loadIPPluginJar : add usart
2023-11-23 18:55:26,201 [INFO] IPUIPlugin:80 - create IPUIPlugin
2023-11-23 18:55:26,202 [INFO] PluginManager:220 - loadIPPluginJar : add i2c
2023-11-23 18:55:26,204 [INFO] IPUIPlugin:80 - create IPUIPlugin
2023-11-23 18:55:26,204 [INFO] PluginManager:220 - loadIPPluginJar : add sai
2023-11-23 18:55:26,205 [INFO] IPUIPlugin:80 - create IPUIPlugin
2023-11-23 18:55:26,206 [INFO] PluginManager:220 - loadIPPluginJar : add tracer_emb
2023-11-23 18:55:26,209 [INFO] IPUIPlugin:80 - create IPUIPlugin
2023-11-23 18:55:26,209 [INFO] PluginManager:220 - loadIPPluginJar : add fmc
2023-11-23 18:55:26,213 [INFO] IPUIPlugin:80 - create IPUIPlugin
2023-11-23 18:55:26,214 [INFO] PluginManager:220 - loadIPPluginJar : add gic
2023-11-23 18:55:26,215 [INFO] IPUIPlugin:80 - create IPUIPlugin
2023-11-23 18:55:26,215 [INFO] PluginManager:220 - loadIPPluginJar : add ltdc
2023-11-23 18:55:26,217 [INFO] IPUIPlugin:80 - create IPUIPlugin
2023-11-23 18:55:26,217 [INFO] PluginManager:220 - loadIPPluginJar : add can
2023-11-23 18:55:26,219 [INFO] IPUIPlugin:80 - create IPUIPlugin
2023-11-23 18:55:26,219 [INFO] PluginManager:220 - loadIPPluginJar : add ucpd
2023-11-23 18:55:26,221 [INFO] IPUIPlugin:80 - create IPUIPlugin
2023-11-23 18:55:26,221 [INFO] PluginManager:220 - loadIPPluginJar : add i3c
2023-11-23 18:55:26,228 [INFO] IPUIPlugin:80 - create IPUIPlugin
2023-11-23 18:55:26,228 [INFO] PluginManager:220 - loadIPPluginJar : add linkedlist
2023-11-23 18:55:26,229 [INFO] IPUIPlugin:80 - create IPUIPlugin
2023-11-23 18:55:26,229 [INFO] PluginManager:220 - loadIPPluginJar : add genericplugin
2023-11-23 18:55:26,234 [INFO] IPUIPlugin:80 - create IPUIPlugin
2023-11-23 18:55:26,235 [INFO] PluginManager:220 - loadIPPluginJar : add freertos
2023-11-23 18:55:26,239 [INFO] IPUIPlugin:80 - create IPUIPlugin
2023-11-23 18:55:26,242 [INFO] PluginManager:220 - loadIPPluginJar : add plateformsettings
2023-11-23 18:55:26,244 [INFO] IPUIPlugin:80 - create IPUIPlugin
2023-11-23 18:55:26,244 [INFO] PluginManager:220 - loadIPPluginJar : add hash
2023-11-23 18:55:26,246 [INFO] IPUIPlugin:80 - create IPUIPlugin
2023-11-23 18:55:26,246 [INFO] PluginManager:220 - loadIPPluginJar : add dma3
2023-11-23 18:55:26,248 [INFO] IPUIPlugin:80 - create IPUIPlugin
2023-11-23 18:55:26,248 [INFO] PluginManager:220 - loadIPPluginJar : add usbx
2023-11-23 18:55:26,250 [INFO] IPUIPlugin:80 - create IPUIPlugin
2023-11-23 18:55:26,250 [INFO] PluginManager:220 - loadIPPluginJar : add ts
2023-11-23 18:55:26,251 [INFO] IPUIPlugin:80 - create IPUIPlugin
2023-11-23 18:55:26,252 [INFO] PluginManager:220 - loadIPPluginJar : add comp
2023-11-23 18:55:26,254 [INFO] IPUIPlugin:80 - create IPUIPlugin
2023-11-23 18:55:26,254 [INFO] PluginManager:220 - loadIPPluginJar : add gtzc
2023-11-23 18:55:26,256 [INFO] IPUIPlugin:80 - create IPUIPlugin
2023-11-23 18:55:26,256 [INFO] PluginManager:220 - loadIPPluginJar : add lorawan
2023-11-23 18:55:26,259 [INFO] IPUIPlugin:80 - create IPUIPlugin
2023-11-23 18:55:26,259 [INFO] PluginManager:220 - loadIPPluginJar : add resmgrutility
2023-11-23 18:55:26,264 [INFO] IPUIPlugin:80 - create IPUIPlugin
2023-11-23 18:55:26,264 [INFO] PluginManager:220 - loadIPPluginJar : add dma
2023-11-23 18:55:26,265 [INFO] IPUIPlugin:80 - create IPUIPlugin
2023-11-23 18:55:26,266 [INFO] PluginManager:220 - loadIPPluginJar : add i2s
2023-11-23 18:55:26,267 [INFO] IPUIPlugin:80 - create IPUIPlugin
2023-11-23 18:55:26,267 [INFO] PluginManager:220 - loadIPPluginJar : add tsc
2023-11-23 18:55:26,268 [INFO] IPUIPlugin:80 - create IPUIPlugin
2023-11-23 18:55:26,269 [INFO] PluginManager:220 - loadIPPluginJar : add gfxmmu
2023-11-23 18:55:26,272 [INFO] IPUIPlugin:80 - create IPUIPlugin
2023-11-23 18:55:26,272 [INFO] PluginManager:220 - loadIPPluginJar : add stm32_wpan
2023-11-23 18:55:26,273 [INFO] IPUIPlugin:80 - create IPUIPlugin
2023-11-23 18:55:26,273 [INFO] PluginManager:220 - loadIPPluginJar : add fatfs
2023-11-23 18:55:26,277 [INFO] IPUIPlugin:80 - create IPUIPlugin
2023-11-23 18:55:26,278 [INFO] PluginManager:220 - loadIPPluginJar : add adc
2023-11-23 18:55:26,280 [INFO] IPUIPlugin:80 - create IPUIPlugin
2023-11-23 18:55:26,280 [INFO] PluginManager:220 - loadIPPluginJar : add nvic
2023-11-23 18:55:26,378 [INFO] CADModel:165 - CPN selected for project level
2023-11-23 18:55:26,378 [INFO] CADModel:114 - Register for checkConnection events
2023-11-23 18:55:26,379 [FATAL] Updater:308 - Updater called before beeing initialized
2023-11-23 18:55:26,379 [ERROR] CADModel:125 - Updater not yet initialized, retry later 
2023-11-23 18:55:26,503 [INFO] CADModel:165 - CPN selected for project level
2023-11-23 18:55:26,504 [INFO] CADModel:114 - Register for checkConnection events
2023-11-23 18:55:26,504 [FATAL] Updater:308 - Updater called before beeing initialized
2023-11-23 18:55:26,504 [ERROR] CADModel:125 - Updater not yet initialized, retry later 
2023-11-23 18:55:26,507 [FATAL] Updater:308 - Updater called before beeing initialized
2023-11-23 18:55:26,575 [FATAL] Updater:308 - Updater called before beeing initialized
2023-11-23 18:55:26,580 [INFO] DbMcusAds:53 - JSON generation date=Tue Mar 07 04:50:55 AST 2023 (1678179055114)
2023-11-23 18:55:26,581 [FATAL] Updater:308 - Updater called before beeing initialized
2023-11-23 18:55:26,611 [WARN] DetailPanel:346 - Failed to get advertising image, set to default
2023-11-23 18:55:26,712 [FATAL] Updater:308 - Updater called before beeing initialized
2023-11-23 18:55:26,714 [FATAL] Updater:308 - Updater called before beeing initialized
2023-11-23 18:55:26,714 [FATAL] Updater:308 - Updater called before beeing initialized
2023-11-23 18:55:26,714 [WARN] DetailPanel:346 - Failed to get advertising image, set to default
2023-11-23 18:55:26,715 [FATAL] Updater:308 - Updater called before beeing initialized
2023-11-23 18:55:26,745 [ERROR] Updater:1120 - MainUpdater not yet initialized. External WinMGr cannot be set.
2023-11-23 18:55:26,747 [INFO] Updater:1056 - Updater Version found : 6.9.2
2023-11-23 18:55:26,767 [INFO] ApplicationProperties:184 - Using Application install path: /opt/st/stm32cubeide_1.13.2/plugins/com.st.stm32cube.common.mx_6.9.2.202309101412
2023-11-23 18:55:26,883 [INFO] MainUpdater:2868 - connection check result : 10
2023-11-23 18:55:26,884 [INFO] MainUpdater:285 - Updater Check For Update Now.
2023-11-23 18:55:26,884 [INFO] MicroXplorer:498 - Change Database Version : DB.6.0.92
2023-11-23 18:55:26,890 [INFO] McuFinderGlobals:63 - Set McuFinder mode to 2 (CubeIDE integrated)
2023-11-23 18:55:27,089 [INFO] CheckServerUpdateThread:120 - End of CheckServer Thread
2023-11-23 18:55:28,896 [WARN] PackLoader:240 - Cannot read IP mode file for STMicroelectronics.X-CUBE-SMBUS.2.1.0
2023-11-23 18:55:28,926 [WARN] PackLoader:240 - Cannot read IP mode file for STMicroelectronics.X-CUBE-AZRTOS-F7.1.1.0
2023-11-23 18:55:28,938 [WARN] PackLoader:240 - Cannot read IP mode file for STMicroelectronics.FP-SNS-MOTENV1.4.3.2
2023-11-23 18:55:28,946 [WARN] PackLoader:240 - Cannot read IP mode file for STMicroelectronics.FP-SNS-FLIGHT1.5.0.2
2023-11-23 18:55:28,957 [WARN] PackLoader:240 - Cannot read IP mode file for STMicroelectronics.X-CUBE-DISPLAY.3.0.0
2023-11-23 18:55:28,971 [WARN] PackLoader:240 - Cannot read IP mode file for STMicroelectronics.X-CUBE-BLE1.7.0.0
2023-11-23 18:55:28,977 [WARN] PackLoader:240 - Cannot read IP mode file for emotas.I-CUBE-CANOPEN.1.3.0
2023-11-23 18:55:28,981 [WARN] PackLoader:240 - Cannot read IP mode file for STMicroelectronics.X-CUBE-TOUCHGFX.4.22.0
2023-11-23 18:55:28,984 [WARN] PackLoader:240 - Cannot read IP mode file for STMicroelectronics.X-CUBE-TOUCHGFX.4.22.1
2023-11-23 18:55:28,989 [WARN] PackLoader:240 - Cannot read IP mode file for STMicroelectronics.FP-SNS-SMARTAG2.1.2.0
2023-11-23 18:55:29,001 [INFO] LogOutputStream:77 - [STDOUT_REDIRECT] 1 : Invalid condition id : UX_CORESTACK_Condition cause : null
2023-11-23 18:55:29,002 [INFO] LogOutputStream:77 - [STDOUT_REDIRECT] 1 : Invalid condition id : UX_CORESTACK_Condition cause : null
2023-11-23 18:55:29,002 [INFO] LogOutputStream:77 - [STDOUT_REDIRECT] 1 : Invalid condition id : UX_CORESTACK_Condition cause : null
2023-11-23 18:55:29,003 [INFO] LogOutputStream:77 - [STDOUT_REDIRECT] 1 : Invalid condition id : UX_CORESTACK_Condition cause : null
2023-11-23 18:55:29,003 [INFO] LogOutputStream:77 - [STDOUT_REDIRECT] 1 : Invalid condition id : UX_CORESTACK_Condition cause : null
2023-11-23 18:55:29,011 [WARN] PackLoader:240 - Cannot read IP mode file for STMicroelectronics.X-CUBE-AZRTOS-WL.2.0.0
2023-11-23 18:55:29,023 [WARN] PackLoader:240 - Cannot read IP mode file for WES.I-CUBE-Cesium.1.3.0
2023-11-23 18:55:29,029 [WARN] PackLoader:240 - Cannot read IP mode file for STMicroelectronics.X-CUBE-BLE2.3.3.0
2023-11-23 18:55:29,038 [WARN] PackLoader:240 - Cannot read IP mode file for STMicroelectronics.X-CUBE-ALGOBUILD.1.3.0
2023-11-23 18:55:29,055 [WARN] PackLoader:240 - Cannot read IP mode file for STMicroelectronics.X-CUBE-AZRTOS-G0.1.1.0
2023-11-23 18:55:29,063 [WARN] PackLoader:240 - Cannot read IP mode file for STMicroelectronics.X-CUBE-NFC4.3.0.0
2023-11-23 18:55:29,074 [WARN] PackLoader:240 - Cannot read IP mode file for STMicroelectronics.X-CUBE-BLEMGR.3.0.0
2023-11-23 18:55:29,082 [WARN] PackLoader:240 - Cannot read IP mode file for STMicroelectronics.FP-ATR-SIGFOX1.3.2.0
2023-11-23 18:55:29,117 [WARN] PackLoader:240 - Cannot read IP mode file for SEGGER.I-CUBE-embOS.1.3.1
2023-11-23 18:55:29,180 [WARN] PackLoader:240 - Cannot read IP mode file for STMicroelectronics.X-CUBE-GNSS1.6.0.0
2023-11-23 18:55:29,205 [WARN] PackLoader:240 - Cannot read IP mode file for STMicroelectronics.X-CUBE-AZRTOS-F4.1.1.0
2023-11-23 18:55:29,215 [WARN] PackLoader:240 - Cannot read IP mode file for wolfSSL.I-CUBE-wolfSSL.5.6.3
2023-11-23 18:55:29,240 [WARN] PackLoader:240 - Cannot read IP mode file for STMicroelectronics.X-CUBE-AZRTOS-L5.2.0.0
2023-11-23 18:55:29,314 [WARN] PackLoader:240 - Cannot read IP mode file for STMicroelectronics.X-CUBE-MEMS1.9.6.0
2023-11-23 18:55:29,543 [WARN] PackLoader:240 - Cannot read IP mode file for STMicroelectronics.X-CUBE-EEPRMA1.4.2.0
2023-11-23 18:55:29,548 [WARN] PackLoader:240 - Cannot read IP mode file for ITTIA_DB.I-CUBE-ITTIADB.8.8.0
2023-11-23 18:55:29,555 [WARN] PackLoader:240 - Cannot read IP mode file for STMicroelectronics.X-CUBE-BLEMGR.2.0.0
2023-11-23 18:55:29,576 [WARN] ConditionMgr:438 - getConditionDescription Invalid condition id : UX DEVICE CLASS RTOS Condition cause : null
2023-11-23 18:55:29,577 [WARN] ConditionMgr:438 - getConditionDescription Invalid condition id : UX DEVICE CLASS RTOS Condition cause : null
2023-11-23 18:55:29,581 [WARN] PackLoader:240 - Cannot read IP mode file for STMicroelectronics.X-CUBE-AZRTOS-H7.3.1.0
2023-11-23 18:55:29,583 [WARN] ConditionMgr:1039 - genDependencies : Invalid condition id : UX DEVICE CLASS RTOS Condition cause : null
2023-11-23 18:55:29,583 [WARN] ConditionMgr:1039 - genDependencies : Invalid condition id : UX DEVICE CLASS RTOS Condition cause : null
2023-11-23 18:55:29,584 [WARN] ConditionMgr:1039 - genDependencies : Invalid condition id : UX DEVICE CLASS RTOS Condition cause : null
2023-11-23 18:55:29,584 [WARN] ConditionMgr:1039 - genDependencies : Invalid condition id : UX DEVICE CLASS RTOS Condition cause : null
2023-11-23 18:55:29,585 [WARN] ConditionMgr:1039 - genDependencies : Invalid condition id : UX DEVICE CLASS RTOS Condition cause : null
2023-11-23 18:55:29,591 [WARN] PackLoader:240 - Cannot read IP mode file for STMicroelectronics.X-CUBE-NFC7.1.0.1
2023-11-23 18:55:29,598 [WARN] PackLoader:240 - Cannot read IP mode file for STMicroelectronics.X-CUBE-NFC6.3.0.0
2023-11-23 18:55:29,605 [WARN] PackLoader:240 - Cannot read IP mode file for STMicroelectronics.X-CUBE-EEPRMA1.4.1.0
2023-11-23 18:55:29,613 [WARN] PackLoader:240 - Cannot read IP mode file for STMicroelectronics.X-CUBE-AI.8.1.0
2023-11-23 18:55:29,634 [WARN] ConditionMgr:438 - getConditionDescription Invalid condition id : LAN8742 Phy interface Condition cause : null
2023-11-23 18:55:29,639 [WARN] PackLoader:240 - Cannot read IP mode file for STMicroelectronics.X-CUBE-AZRTOS-L4.2.0.0
2023-11-23 18:55:29,641 [WARN] ConditionMgr:1039 - genDependencies : Invalid condition id : LAN8742 Phy interface Condition cause : null
2023-11-23 18:55:29,642 [WARN] ConditionMgr:1039 - genDependencies : Invalid condition id : LAN8742 Phy interface Condition cause : null
2023-11-23 18:55:29,643 [WARN] ConditionMgr:1039 - genDependencies : Invalid condition id : LAN8742 Phy interface Condition cause : null
2023-11-23 18:55:29,651 [WARN] PackLoader:240 - Cannot read IP mode file for STMicroelectronics.X-CUBE-SFXS2LP1.4.0.0
2023-11-23 18:55:29,657 [WARN] PackLoader:240 - Cannot read IP mode file for STMicroelectronics.X-CUBE-ISPU.1.1.0
2023-11-23 18:55:29,671 [WARN] ConditionMgr:438 - getConditionDescription Invalid condition id : UX DEVICE CLASS RTOS Condition cause : null
2023-11-23 18:55:29,672 [WARN] ConditionMgr:438 - getConditionDescription Invalid condition id : UX DEVICE CLASS RTOS Condition cause : null
2023-11-23 18:55:29,674 [WARN] PackLoader:240 - Cannot read IP mode file for STMicroelectronics.X-CUBE-AZRTOS-WB.2.0.0
2023-11-23 18:55:29,676 [WARN] ConditionMgr:1039 - genDependencies : Invalid condition id : UX DEVICE CLASS RTOS Condition cause : null
2023-11-23 18:55:29,676 [WARN] ConditionMgr:1039 - genDependencies : Invalid condition id : UX DEVICE CLASS RTOS Condition cause : null
2023-11-23 18:55:29,676 [WARN] ConditionMgr:1039 - genDependencies : Invalid condition id : UX DEVICE CLASS RTOS Condition cause : null
2023-11-23 18:55:29,677 [WARN] ConditionMgr:1039 - genDependencies : Invalid condition id : UX DEVICE CLASS RTOS Condition cause : null
2023-11-23 18:55:29,677 [WARN] ConditionMgr:1039 - genDependencies : Invalid condition id : UX DEVICE CLASS RTOS Condition cause : null
2023-11-23 18:55:29,689 [WARN] PackLoader:240 - Cannot read IP mode file for STMicroelectronics.X-CUBE-SUBG2.5.0.0
2023-11-23 18:55:29,708 [WARN] PackLoader:240 - Cannot read IP mode file for STMicroelectronics.X-CUBE-TOF1.3.3.1
2023-11-23 18:55:29,736 [WARN] PackLoader:240 - Cannot read IP mode file for STMicroelectronics.X-CUBE-AZRTOS-G4.2.0.0
2023-11-23 18:55:29,753 [WARN] PackLoader:240 - Cannot read IP mode file for Infineon.AIROC-Wi-Fi-Bluetooth-STM32.1.5.1
2023-11-23 18:55:29,763 [WARN] PackLoader:240 - Cannot read IP mode file for STMicroelectronics.FP-SNS-MOTENVWB1.1.3.0
2023-11-23 18:55:29,818 [WARN] PackLoader:240 - Cannot read IP mode file for STMicroelectronics.X-CUBE-MEMS1.10.0.0
2023-11-23 18:55:30,000 [WARN] PackLoader:240 - Cannot read IP mode file for STMicroelectronics.X-CUBE-FREERTOS.1.1.0
2023-11-23 18:55:30,009 [WARN] PackLoader:240 - Cannot read IP mode file for portGmbH.I-Cube-SoM-uGOAL.1.1.0
2023-11-23 18:55:30,014 [WARN] PackLoader:240 - Cannot read IP mode file for STMicroelectronics.X-CUBE-ALS.1.0.1
2023-11-23 18:55:30,018 [WARN] PackLoader:240 - Cannot read IP mode file for STMicroelectronics.FP-ATR-ASTRA1.2.0.0
2023-11-23 18:55:30,031 [WARN] PackLoader:240 - Cannot read IP mode file for STMicroelectronics.X-CUBE-TOF1.3.4.0
2023-11-23 18:55:30,048 [INFO] ThirdParty:978 - Integrity check success = true
2023-11-23 18:55:30,049 [INFO] IntegrityCheckThread:100 - exiting critical section [integrity check]
2023-11-23 18:55:30,049 [INFO] IntegrityCheckThread:103 - End integrity checks thread
2023-11-23 18:55:47,434 [ERROR] LogOutputStream:75 - [STDERR_REDIRECT] SLF4J: Failed to load class "org.slf4j.impl.StaticLoggerBinder".
2023-11-23 18:55:47,435 [ERROR] LogOutputStream:75 - [STDERR_REDIRECT] SLF4J: Defaulting to no-operation (NOP) logger implementation
2023-11-23 18:55:47,435 [ERROR] LogOutputStream:75 - [STDERR_REDIRECT] SLF4J: See http://www.slf4j.org/codes.html#StaticLoggerBinder for further details.
